DEBUG main org.reflections.Reflections - going to scan these urls:
file:/C:/Users/Darryl/Documents/GitHub4/deco2800-2013/deco2800.arcade.mixmaze/build/classes/main/
file:/C:/Users/Darryl/Documents/GitHub4/deco2800-2013/deco2800.arcade.tictactoe/build/classes/main/
file:/C:/Users/Darryl/Documents/GitHub4/deco2800-2013/deco2800.arcade.checkers/build/classes/main/
file:/C:/Users/Darryl/Documents/GitHub4/deco2800-2013/deco2800.arcade.breakout/build/classes/main/
file:/C:/Users/Darryl/Documents/GitHub4/deco2800-2013/deco2800.arcade.junglejump/build/classes/main/
file:/C:/Users/Darryl/Documents/GitHub4/deco2800-2013/deco2800.arcade.hunter/build/classes/main/
jar:file:/C:/Users/Darryl/Documents/GitHub4/deco2800-2013/deco2800.arcade/build/libs/deco2800.arcade-1.0.jar!/
jar:file:/C:/Users/Darryl/Documents/GitHub4/deco2800-2013/deco2800.arcade.model/build/libs/deco2800.arcade.model-1.0.jar!/
file:/C:/Users/Darryl/Documents/GitHub4/deco2800-2013/deco2800.arcade.raiden/build/classes/main/
jar:file:/C:/Users/Darryl/Documents/GitHub4/deco2800-2013/deco2800.arcade.packman/build/libs/deco2800.arcade.packman-1.0.jar!/
jar:file:/C:/Users/Darryl/Documents/GitHub4/deco2800-2013/deco2800.arcade.utils/build/libs/deco2800.arcade.utils-1.0.jar!/
jar:file:/C:/Users/Darryl/Documents/GitHub4/deco2800-2013/deco2800.arcade.protocol/build/libs/deco2800.arcade.protocol-1.0.jar!/
file:/C:/Users/Darryl/Documents/GitHub4/deco2800-2013/deco2800.arcade.ui/build/classes/main/
file:/C:/Users/Darryl/Documents/GitHub4/deco2800-2013/deco2800.arcade.pong/build/classes/main/
jar:file:/C:/Users/Darryl/Documents/GitHub4/deco2800-2013/deco2800.arcade.platformergame/build/libs/deco2800.arcade.platformergame-1.0.jar!/
file:/C:/Users/Darryl/Documents/GitHub4/deco2800-2013/deco2800.arcade.towerdefence/build/classes/main/
file:/C:/Users/Darryl/Documents/GitHub4/deco2800-2013/deco2800.arcade.pacman/build/classes/main/
file:/C:/Users/Darryl/Documents/GitHub4/deco2800-2013/deco2800.arcade/build/classes/main/
file:/C:/Users/Darryl/Documents/GitHub4/deco2800-2013/deco2800.arcade.burningskies/build/classes/main/
file:/C:/Users/Darryl/Documents/GitHub4/deco2800-2013/deco2800.arcade.chess/build/classes/main/
file:/C:/Users/Darryl/Documents/GitHub4/deco2800-2013/deco2800.arcade.landInvaders/build/classes/main/
file:/C:/Users/Darryl/Documents/GitHub4/deco2800-2013/deco2800.arcade.snakeLadder/build/classes/main/
file:/C:/Users/Darryl/Documents/GitHub4/deco2800-2013/deco2800.arcade.wl6/build/classes/main/
file:/C:/Users/Darryl/Documents/GitHub4/deco2800-2013/deco2800.arcade.connect4/build/classes/main/
file:/C:/Users/Darryl/Documents/GitHub4/deco2800-2013/deco2800.arcade.deerforest/build/classes/main/
INFO main org.reflections.Reflections - Reflections took 1724 ms to scan 25 urls, producing 100 keys and 431 values 
DEBUG main org.reflections.Reflections - going to scan these urls:
file:/C:/Users/Darryl/Documents/GitHub4/deco2800-2013/deco2800.arcade.mixmaze/build/classes/main/
file:/C:/Users/Darryl/Documents/GitHub4/deco2800-2013/deco2800.arcade.tictactoe/build/classes/main/
file:/C:/Users/Darryl/Documents/GitHub4/deco2800-2013/deco2800.arcade.checkers/build/classes/main/
file:/C:/Users/Darryl/Documents/GitHub4/deco2800-2013/deco2800.arcade.breakout/build/classes/main/
file:/C:/Users/Darryl/Documents/GitHub4/deco2800-2013/deco2800.arcade.junglejump/build/classes/main/
file:/C:/Users/Darryl/Documents/GitHub4/deco2800-2013/deco2800.arcade.hunter/build/classes/main/
jar:file:/C:/Users/Darryl/Documents/GitHub4/deco2800-2013/deco2800.arcade/build/libs/deco2800.arcade-1.0.jar!/
jar:file:/C:/Users/Darryl/Documents/GitHub4/deco2800-2013/deco2800.arcade.model/build/libs/deco2800.arcade.model-1.0.jar!/
file:/C:/Users/Darryl/Documents/GitHub4/deco2800-2013/deco2800.arcade.raiden/build/classes/main/
jar:file:/C:/Users/Darryl/Documents/GitHub4/deco2800-2013/deco2800.arcade.packman/build/libs/deco2800.arcade.packman-1.0.jar!/
jar:file:/C:/Users/Darryl/Documents/GitHub4/deco2800-2013/deco2800.arcade.utils/build/libs/deco2800.arcade.utils-1.0.jar!/
jar:file:/C:/Users/Darryl/Documents/GitHub4/deco2800-2013/deco2800.arcade.protocol/build/libs/deco2800.arcade.protocol-1.0.jar!/
file:/C:/Users/Darryl/Documents/GitHub4/deco2800-2013/deco2800.arcade.ui/build/classes/main/
file:/C:/Users/Darryl/Documents/GitHub4/deco2800-2013/deco2800.arcade.pong/build/classes/main/
jar:file:/C:/Users/Darryl/Documents/GitHub4/deco2800-2013/deco2800.arcade.platformergame/build/libs/deco2800.arcade.platformergame-1.0.jar!/
file:/C:/Users/Darryl/Documents/GitHub4/deco2800-2013/deco2800.arcade.towerdefence/build/classes/main/
file:/C:/Users/Darryl/Documents/GitHub4/deco2800-2013/deco2800.arcade.pacman/build/classes/main/
file:/C:/Users/Darryl/Documents/GitHub4/deco2800-2013/deco2800.arcade/build/classes/main/
file:/C:/Users/Darryl/Documents/GitHub4/deco2800-2013/deco2800.arcade.burningskies/build/classes/main/
file:/C:/Users/Darryl/Documents/GitHub4/deco2800-2013/deco2800.arcade.chess/build/classes/main/
file:/C:/Users/Darryl/Documents/GitHub4/deco2800-2013/deco2800.arcade.landInvaders/build/classes/main/
file:/C:/Users/Darryl/Documents/GitHub4/deco2800-2013/deco2800.arcade.snakeLadder/build/classes/main/
file:/C:/Users/Darryl/Documents/GitHub4/deco2800-2013/deco2800.arcade.wl6/build/classes/main/
file:/C:/Users/Darryl/Documents/GitHub4/deco2800-2013/deco2800.arcade.connect4/build/classes/main/
file:/C:/Users/Darryl/Documents/GitHub4/deco2800-2013/deco2800.arcade.deerforest/build/classes/main/
INFO main org.reflections.Reflections - Reflections took 695 ms to scan 25 urls, producing 100 keys and 431 values 
DEBUG main org.reflections.Reflections - going to scan these urls:
file:/C:/Users/Darryl/Documents/GitHub4/deco2800-2013/deco2800.arcade.mixmaze/build/classes/main/
file:/C:/Users/Darryl/Documents/GitHub4/deco2800-2013/deco2800.arcade.tictactoe/build/classes/main/
file:/C:/Users/Darryl/Documents/GitHub4/deco2800-2013/deco2800.arcade.checkers/build/classes/main/
file:/C:/Users/Darryl/Documents/GitHub4/deco2800-2013/deco2800.arcade.breakout/build/classes/main/
file:/C:/Users/Darryl/Documents/GitHub4/deco2800-2013/deco2800.arcade.junglejump/build/classes/main/
file:/C:/Users/Darryl/Documents/GitHub4/deco2800-2013/deco2800.arcade.hunter/build/classes/main/
jar:file:/C:/Users/Darryl/Documents/GitHub4/deco2800-2013/deco2800.arcade/build/libs/deco2800.arcade-1.0.jar!/
jar:file:/C:/Users/Darryl/Documents/GitHub4/deco2800-2013/deco2800.arcade.model/build/libs/deco2800.arcade.model-1.0.jar!/
file:/C:/Users/Darryl/Documents/GitHub4/deco2800-2013/deco2800.arcade.raiden/build/classes/main/
jar:file:/C:/Users/Darryl/Documents/GitHub4/deco2800-2013/deco2800.arcade.packman/build/libs/deco2800.arcade.packman-1.0.jar!/
jar:file:/C:/Users/Darryl/Documents/GitHub4/deco2800-2013/deco2800.arcade.utils/build/libs/deco2800.arcade.utils-1.0.jar!/
jar:file:/C:/Users/Darryl/Documents/GitHub4/deco2800-2013/deco2800.arcade.protocol/build/libs/deco2800.arcade.protocol-1.0.jar!/
file:/C:/Users/Darryl/Documents/GitHub4/deco2800-2013/deco2800.arcade.ui/build/classes/main/
file:/C:/Users/Darryl/Documents/GitHub4/deco2800-2013/deco2800.arcade.pong/build/classes/main/
jar:file:/C:/Users/Darryl/Documents/GitHub4/deco2800-2013/deco2800.arcade.platformergame/build/libs/deco2800.arcade.platformergame-1.0.jar!/
file:/C:/Users/Darryl/Documents/GitHub4/deco2800-2013/deco2800.arcade.towerdefence/build/classes/main/
file:/C:/Users/Darryl/Documents/GitHub4/deco2800-2013/deco2800.arcade.pacman/build/classes/main/
file:/C:/Users/Darryl/Documents/GitHub4/deco2800-2013/deco2800.arcade/build/classes/main/
file:/C:/Users/Darryl/Documents/GitHub4/deco2800-2013/deco2800.arcade.burningskies/build/classes/main/
file:/C:/Users/Darryl/Documents/GitHub4/deco2800-2013/deco2800.arcade.chess/build/classes/main/
file:/C:/Users/Darryl/Documents/GitHub4/deco2800-2013/deco2800.arcade.landInvaders/build/classes/main/
file:/C:/Users/Darryl/Documents/GitHub4/deco2800-2013/deco2800.arcade.snakeLadder/build/classes/main/
file:/C:/Users/Darryl/Documents/GitHub4/deco2800-2013/deco2800.arcade.wl6/build/classes/main/
file:/C:/Users/Darryl/Documents/GitHub4/deco2800-2013/deco2800.arcade.connect4/build/classes/main/
file:/C:/Users/Darryl/Documents/GitHub4/deco2800-2013/deco2800.arcade.deerforest/build/classes/main/
INFO main org.reflections.Reflections - Reflections took 658 ms to scan 25 urls, producing 100 keys and 431 values 
DEBUG main org.reflections.Reflections - going to scan these urls:
file:/C:/Users/Darryl/Documents/GitHub4/deco2800-2013/deco2800.arcade.mixmaze/build/classes/main/
file:/C:/Users/Darryl/Documents/GitHub4/deco2800-2013/deco2800.arcade.tictactoe/build/classes/main/
file:/C:/Users/Darryl/Documents/GitHub4/deco2800-2013/deco2800.arcade.checkers/build/classes/main/
file:/C:/Users/Darryl/Documents/GitHub4/deco2800-2013/deco2800.arcade.breakout/build/classes/main/
file:/C:/Users/Darryl/Documents/GitHub4/deco2800-2013/deco2800.arcade.junglejump/build/classes/main/
file:/C:/Users/Darryl/Documents/GitHub4/deco2800-2013/deco2800.arcade.hunter/build/classes/main/
jar:file:/C:/Users/Darryl/Documents/GitHub4/deco2800-2013/deco2800.arcade/build/libs/deco2800.arcade-1.0.jar!/
jar:file:/C:/Users/Darryl/Documents/GitHub4/deco2800-2013/deco2800.arcade.model/build/libs/deco2800.arcade.model-1.0.jar!/
file:/C:/Users/Darryl/Documents/GitHub4/deco2800-2013/deco2800.arcade.raiden/build/classes/main/
jar:file:/C:/Users/Darryl/Documents/GitHub4/deco2800-2013/deco2800.arcade.packman/build/libs/deco2800.arcade.packman-1.0.jar!/
jar:file:/C:/Users/Darryl/Documents/GitHub4/deco2800-2013/deco2800.arcade.utils/build/libs/deco2800.arcade.utils-1.0.jar!/
jar:file:/C:/Users/Darryl/Documents/GitHub4/deco2800-2013/deco2800.arcade.protocol/build/libs/deco2800.arcade.protocol-1.0.jar!/
file:/C:/Users/Darryl/Documents/GitHub4/deco2800-2013/deco2800.arcade.ui/build/classes/main/
file:/C:/Users/Darryl/Documents/GitHub4/deco2800-2013/deco2800.arcade.pong/build/classes/main/
jar:file:/C:/Users/Darryl/Documents/GitHub4/deco2800-2013/deco2800.arcade.platformergame/build/libs/deco2800.arcade.platformergame-1.0.jar!/
file:/C:/Users/Darryl/Documents/GitHub4/deco2800-2013/deco2800.arcade.towerdefence/build/classes/main/
file:/C:/Users/Darryl/Documents/GitHub4/deco2800-2013/deco2800.arcade.pacman/build/classes/main/
file:/C:/Users/Darryl/Documents/GitHub4/deco2800-2013/deco2800.arcade/build/classes/main/
file:/C:/Users/Darryl/Documents/GitHub4/deco2800-2013/deco2800.arcade.burningskies/build/classes/main/
file:/C:/Users/Darryl/Documents/GitHub4/deco2800-2013/deco2800.arcade.chess/build/classes/main/
file:/C:/Users/Darryl/Documents/GitHub4/deco2800-2013/deco2800.arcade.landInvaders/build/classes/main/
file:/C:/Users/Darryl/Documents/GitHub4/deco2800-2013/deco2800.arcade.snakeLadder/build/classes/main/
file:/C:/Users/Darryl/Documents/GitHub4/deco2800-2013/deco2800.arcade.wl6/build/classes/main/
file:/C:/Users/Darryl/Documents/GitHub4/deco2800-2013/deco2800.arcade.connect4/build/classes/main/
file:/C:/Users/Darryl/Documents/GitHub4/deco2800-2013/deco2800.arcade.deerforest/build/classes/main/
INFO main org.reflections.Reflections - Reflections took 226 ms to scan 25 urls, producing 100 keys and 431 values 
DEBUG main org.reflections.Reflections - going to scan these urls:
file:/C:/Users/Darryl/Documents/GitHub4/deco2800-2013/deco2800.arcade.mixmaze/build/classes/main/
file:/C:/Users/Darryl/Documents/GitHub4/deco2800-2013/deco2800.arcade.tictactoe/build/classes/main/
file:/C:/Users/Darryl/Documents/GitHub4/deco2800-2013/deco2800.arcade.checkers/build/classes/main/
file:/C:/Users/Darryl/Documents/GitHub4/deco2800-2013/deco2800.arcade.breakout/build/classes/main/
file:/C:/Users/Darryl/Documents/GitHub4/deco2800-2013/deco2800.arcade.junglejump/build/classes/main/
file:/C:/Users/Darryl/Documents/GitHub4/deco2800-2013/deco2800.arcade.hunter/build/classes/main/
jar:file:/C:/Users/Darryl/Documents/GitHub4/deco2800-2013/deco2800.arcade/build/libs/deco2800.arcade-1.0.jar!/
jar:file:/C:/Users/Darryl/Documents/GitHub4/deco2800-2013/deco2800.arcade.model/build/libs/deco2800.arcade.model-1.0.jar!/
file:/C:/Users/Darryl/Documents/GitHub4/deco2800-2013/deco2800.arcade.raiden/build/classes/main/
jar:file:/C:/Users/Darryl/Documents/GitHub4/deco2800-2013/deco2800.arcade.packman/build/libs/deco2800.arcade.packman-1.0.jar!/
jar:file:/C:/Users/Darryl/Documents/GitHub4/deco2800-2013/deco2800.arcade.utils/build/libs/deco2800.arcade.utils-1.0.jar!/
jar:file:/C:/Users/Darryl/Documents/GitHub4/deco2800-2013/deco2800.arcade.protocol/build/libs/deco2800.arcade.protocol-1.0.jar!/
file:/C:/Users/Darryl/Documents/GitHub4/deco2800-2013/deco2800.arcade.ui/build/classes/main/
file:/C:/Users/Darryl/Documents/GitHub4/deco2800-2013/deco2800.arcade.pong/build/classes/main/
jar:file:/C:/Users/Darryl/Documents/GitHub4/deco2800-2013/deco2800.arcade.platformergame/build/libs/deco2800.arcade.platformergame-1.0.jar!/
file:/C:/Users/Darryl/Documents/GitHub4/deco2800-2013/deco2800.arcade.towerdefence/build/classes/main/
file:/C:/Users/Darryl/Documents/GitHub4/deco2800-2013/deco2800.arcade.pacman/build/classes/main/
file:/C:/Users/Darryl/Documents/GitHub4/deco2800-2013/deco2800.arcade/build/classes/main/
file:/C:/Users/Darryl/Documents/GitHub4/deco2800-2013/deco2800.arcade.burningskies/build/classes/main/
file:/C:/Users/Darryl/Documents/GitHub4/deco2800-2013/deco2800.arcade.chess/build/classes/main/
file:/C:/Users/Darryl/Documents/GitHub4/deco2800-2013/deco2800.arcade.landInvaders/build/classes/main/
file:/C:/Users/Darryl/Documents/GitHub4/deco2800-2013/deco2800.arcade.snakeLadder/build/classes/main/
file:/C:/Users/Darryl/Documents/GitHub4/deco2800-2013/deco2800.arcade.wl6/build/classes/main/
file:/C:/Users/Darryl/Documents/GitHub4/deco2800-2013/deco2800.arcade.connect4/build/classes/main/
file:/C:/Users/Darryl/Documents/GitHub4/deco2800-2013/deco2800.arcade.deerforest/build/classes/main/
INFO main org.reflections.Reflections - Reflections took 235 ms to scan 25 urls, producing 100 keys and 431 values 
DEBUG main org.reflections.Reflections - going to scan these urls:
file:/C:/Users/Darryl/Documents/GitHub4/deco2800-2013/deco2800.arcade.mixmaze/build/classes/main/
file:/C:/Users/Darryl/Documents/GitHub4/deco2800-2013/deco2800.arcade.tictactoe/build/classes/main/
file:/C:/Users/Darryl/Documents/GitHub4/deco2800-2013/deco2800.arcade.checkers/build/classes/main/
file:/C:/Users/Darryl/Documents/GitHub4/deco2800-2013/deco2800.arcade.breakout/build/classes/main/
file:/C:/Users/Darryl/Documents/GitHub4/deco2800-2013/deco2800.arcade.junglejump/build/classes/main/
file:/C:/Users/Darryl/Documents/GitHub4/deco2800-2013/deco2800.arcade.hunter/build/classes/main/
jar:file:/C:/Users/Darryl/Documents/GitHub4/deco2800-2013/deco2800.arcade/build/libs/deco2800.arcade-1.0.jar!/
jar:file:/C:/Users/Darryl/Documents/GitHub4/deco2800-2013/deco2800.arcade.model/build/libs/deco2800.arcade.model-1.0.jar!/
file:/C:/Users/Darryl/Documents/GitHub4/deco2800-2013/deco2800.arcade.raiden/build/classes/main/
jar:file:/C:/Users/Darryl/Documents/GitHub4/deco2800-2013/deco2800.arcade.packman/build/libs/deco2800.arcade.packman-1.0.jar!/
jar:file:/C:/Users/Darryl/Documents/GitHub4/deco2800-2013/deco2800.arcade.utils/build/libs/deco2800.arcade.utils-1.0.jar!/
jar:file:/C:/Users/Darryl/Documents/GitHub4/deco2800-2013/deco2800.arcade.protocol/build/libs/deco2800.arcade.protocol-1.0.jar!/
file:/C:/Users/Darryl/Documents/GitHub4/deco2800-2013/deco2800.arcade.ui/build/classes/main/
file:/C:/Users/Darryl/Documents/GitHub4/deco2800-2013/deco2800.arcade.pong/build/classes/main/
jar:file:/C:/Users/Darryl/Documents/GitHub4/deco2800-2013/deco2800.arcade.platformergame/build/libs/deco2800.arcade.platformergame-1.0.jar!/
file:/C:/Users/Darryl/Documents/GitHub4/deco2800-2013/deco2800.arcade.towerdefence/build/classes/main/
file:/C:/Users/Darryl/Documents/GitHub4/deco2800-2013/deco2800.arcade.pacman/build/classes/main/
file:/C:/Users/Darryl/Documents/GitHub4/deco2800-2013/deco2800.arcade/build/classes/main/
file:/C:/Users/Darryl/Documents/GitHub4/deco2800-2013/deco2800.arcade.burningskies/build/classes/main/
file:/C:/Users/Darryl/Documents/GitHub4/deco2800-2013/deco2800.arcade.chess/build/classes/main/
file:/C:/Users/Darryl/Documents/GitHub4/deco2800-2013/deco2800.arcade.landInvaders/build/classes/main/
file:/C:/Users/Darryl/Documents/GitHub4/deco2800-2013/deco2800.arcade.snakeLadder/build/classes/main/
file:/C:/Users/Darryl/Documents/GitHub4/deco2800-2013/deco2800.arcade.wl6/build/classes/main/
file:/C:/Users/Darryl/Documents/GitHub4/deco2800-2013/deco2800.arcade.connect4/build/classes/main/
file:/C:/Users/Darryl/Documents/GitHub4/deco2800-2013/deco2800.arcade.deerforest/build/classes/main/
INFO main org.reflections.Reflections - Reflections took 243 ms to scan 25 urls, producing 100 keys and 431 values 
DEBUG main org.reflections.Reflections - going to scan these urls:
file:/C:/Users/Darryl/Documents/GitHub4/deco2800-2013/deco2800.arcade.mixmaze/build/classes/main/
file:/C:/Users/Darryl/Documents/GitHub4/deco2800-2013/deco2800.arcade.tictactoe/build/classes/main/
file:/C:/Users/Darryl/Documents/GitHub4/deco2800-2013/deco2800.arcade.checkers/build/classes/main/
file:/C:/Users/Darryl/Documents/GitHub4/deco2800-2013/deco2800.arcade.breakout/build/classes/main/
file:/C:/Users/Darryl/Documents/GitHub4/deco2800-2013/deco2800.arcade.junglejump/build/classes/main/
file:/C:/Users/Darryl/Documents/GitHub4/deco2800-2013/deco2800.arcade.hunter/build/classes/main/
jar:file:/C:/Users/Darryl/Documents/GitHub4/deco2800-2013/deco2800.arcade/build/libs/deco2800.arcade-1.0.jar!/
jar:file:/C:/Users/Darryl/Documents/GitHub4/deco2800-2013/deco2800.arcade.model/build/libs/deco2800.arcade.model-1.0.jar!/
file:/C:/Users/Darryl/Documents/GitHub4/deco2800-2013/deco2800.arcade.raiden/build/classes/main/
jar:file:/C:/Users/Darryl/Documents/GitHub4/deco2800-2013/deco2800.arcade.packman/build/libs/deco2800.arcade.packman-1.0.jar!/
jar:file:/C:/Users/Darryl/Documents/GitHub4/deco2800-2013/deco2800.arcade.utils/build/libs/deco2800.arcade.utils-1.0.jar!/
jar:file:/C:/Users/Darryl/Documents/GitHub4/deco2800-2013/deco2800.arcade.protocol/build/libs/deco2800.arcade.protocol-1.0.jar!/
file:/C:/Users/Darryl/Documents/GitHub4/deco2800-2013/deco2800.arcade.ui/build/classes/main/
file:/C:/Users/Darryl/Documents/GitHub4/deco2800-2013/deco2800.arcade.pong/build/classes/main/
jar:file:/C:/Users/Darryl/Documents/GitHub4/deco2800-2013/deco2800.arcade.platformergame/build/libs/deco2800.arcade.platformergame-1.0.jar!/
file:/C:/Users/Darryl/Documents/GitHub4/deco2800-2013/deco2800.arcade.towerdefence/build/classes/main/
file:/C:/Users/Darryl/Documents/GitHub4/deco2800-2013/deco2800.arcade.pacman/build/classes/main/
file:/C:/Users/Darryl/Documents/GitHub4/deco2800-2013/deco2800.arcade/build/classes/main/
file:/C:/Users/Darryl/Documents/GitHub4/deco2800-2013/deco2800.arcade.burningskies/build/classes/main/
file:/C:/Users/Darryl/Documents/GitHub4/deco2800-2013/deco2800.arcade.chess/build/classes/main/
file:/C:/Users/Darryl/Documents/GitHub4/deco2800-2013/deco2800.arcade.landInvaders/build/classes/main/
file:/C:/Users/Darryl/Documents/GitHub4/deco2800-2013/deco2800.arcade.snakeLadder/build/classes/main/
file:/C:/Users/Darryl/Documents/GitHub4/deco2800-2013/deco2800.arcade.wl6/build/classes/main/
file:/C:/Users/Darryl/Documents/GitHub4/deco2800-2013/deco2800.arcade.connect4/build/classes/main/
file:/C:/Users/Darryl/Documents/GitHub4/deco2800-2013/deco2800.arcade.deerforest/build/classes/main/
INFO main org.reflections.Reflections - Reflections took 231 ms to scan 25 urls, producing 100 keys and 431 values 
DEBUG main org.reflections.Reflections - going to scan these urls:
file:/C:/Users/Darryl/Documents/GitHub4/deco2800-2013/deco2800.arcade.mixmaze/build/classes/main/
file:/C:/Users/Darryl/Documents/GitHub4/deco2800-2013/deco2800.arcade.tictactoe/build/classes/main/
file:/C:/Users/Darryl/Documents/GitHub4/deco2800-2013/deco2800.arcade.checkers/build/classes/main/
file:/C:/Users/Darryl/Documents/GitHub4/deco2800-2013/deco2800.arcade.breakout/build/classes/main/
file:/C:/Users/Darryl/Documents/GitHub4/deco2800-2013/deco2800.arcade.junglejump/build/classes/main/
file:/C:/Users/Darryl/Documents/GitHub4/deco2800-2013/deco2800.arcade.hunter/build/classes/main/
jar:file:/C:/Users/Darryl/Documents/GitHub4/deco2800-2013/deco2800.arcade/build/libs/deco2800.arcade-1.0.jar!/
jar:file:/C:/Users/Darryl/Documents/GitHub4/deco2800-2013/deco2800.arcade.model/build/libs/deco2800.arcade.model-1.0.jar!/
file:/C:/Users/Darryl/Documents/GitHub4/deco2800-2013/deco2800.arcade.raiden/build/classes/main/
jar:file:/C:/Users/Darryl/Documents/GitHub4/deco2800-2013/deco2800.arcade.packman/build/libs/deco2800.arcade.packman-1.0.jar!/
jar:file:/C:/Users/Darryl/Documents/GitHub4/deco2800-2013/deco2800.arcade.utils/build/libs/deco2800.arcade.utils-1.0.jar!/
jar:file:/C:/Users/Darryl/Documents/GitHub4/deco2800-2013/deco2800.arcade.protocol/build/libs/deco2800.arcade.protocol-1.0.jar!/
file:/C:/Users/Darryl/Documents/GitHub4/deco2800-2013/deco2800.arcade.ui/build/classes/main/
file:/C:/Users/Darryl/Documents/GitHub4/deco2800-2013/deco2800.arcade.pong/build/classes/main/
jar:file:/C:/Users/Darryl/Documents/GitHub4/deco2800-2013/deco2800.arcade.platformergame/build/libs/deco2800.arcade.platformergame-1.0.jar!/
file:/C:/Users/Darryl/Documents/GitHub4/deco2800-2013/deco2800.arcade.towerdefence/build/classes/main/
file:/C:/Users/Darryl/Documents/GitHub4/deco2800-2013/deco2800.arcade.pacman/build/classes/main/
file:/C:/Users/Darryl/Documents/GitHub4/deco2800-2013/deco2800.arcade/build/classes/main/
file:/C:/Users/Darryl/Documents/GitHub4/deco2800-2013/deco2800.arcade.burningskies/build/classes/main/
file:/C:/Users/Darryl/Documents/GitHub4/deco2800-2013/deco2800.arcade.chess/build/classes/main/
file:/C:/Users/Darryl/Documents/GitHub4/deco2800-2013/deco2800.arcade.landInvaders/build/classes/main/
file:/C:/Users/Darryl/Documents/GitHub4/deco2800-2013/deco2800.arcade.snakeLadder/build/classes/main/
file:/C:/Users/Darryl/Documents/GitHub4/deco2800-2013/deco2800.arcade.wl6/build/classes/main/
file:/C:/Users/Darryl/Documents/GitHub4/deco2800-2013/deco2800.arcade.connect4/build/classes/main/
file:/C:/Users/Darryl/Documents/GitHub4/deco2800-2013/deco2800.arcade.deerforest/build/classes/main/
INFO main org.reflections.Reflections - Reflections took 299 ms to scan 25 urls, producing 100 keys and 431 values 
DEBUG main org.reflections.Reflections - going to scan these urls:
file:/C:/Users/Darryl/Documents/GitHub4/deco2800-2013/deco2800.arcade.mixmaze/build/classes/main/
file:/C:/Users/Darryl/Documents/GitHub4/deco2800-2013/deco2800.arcade.tictactoe/build/classes/main/
file:/C:/Users/Darryl/Documents/GitHub4/deco2800-2013/deco2800.arcade.checkers/build/classes/main/
file:/C:/Users/Darryl/Documents/GitHub4/deco2800-2013/deco2800.arcade.breakout/build/classes/main/
file:/C:/Users/Darryl/Documents/GitHub4/deco2800-2013/deco2800.arcade.junglejump/build/classes/main/
file:/C:/Users/Darryl/Documents/GitHub4/deco2800-2013/deco2800.arcade.hunter/build/classes/main/
jar:file:/C:/Users/Darryl/Documents/GitHub4/deco2800-2013/deco2800.arcade/build/libs/deco2800.arcade-1.0.jar!/
jar:file:/C:/Users/Darryl/Documents/GitHub4/deco2800-2013/deco2800.arcade.model/build/libs/deco2800.arcade.model-1.0.jar!/
file:/C:/Users/Darryl/Documents/GitHub4/deco2800-2013/deco2800.arcade.raiden/build/classes/main/
jar:file:/C:/Users/Darryl/Documents/GitHub4/deco2800-2013/deco2800.arcade.packman/build/libs/deco2800.arcade.packman-1.0.jar!/
jar:file:/C:/Users/Darryl/Documents/GitHub4/deco2800-2013/deco2800.arcade.utils/build/libs/deco2800.arcade.utils-1.0.jar!/
jar:file:/C:/Users/Darryl/Documents/GitHub4/deco2800-2013/deco2800.arcade.protocol/build/libs/deco2800.arcade.protocol-1.0.jar!/
file:/C:/Users/Darryl/Documents/GitHub4/deco2800-2013/deco2800.arcade.ui/build/classes/main/
file:/C:/Users/Darryl/Documents/GitHub4/deco2800-2013/deco2800.arcade.pong/build/classes/main/
jar:file:/C:/Users/Darryl/Documents/GitHub4/deco2800-2013/deco2800.arcade.platformergame/build/libs/deco2800.arcade.platformergame-1.0.jar!/
file:/C:/Users/Darryl/Documents/GitHub4/deco2800-2013/deco2800.arcade.towerdefence/build/classes/main/
file:/C:/Users/Darryl/Documents/GitHub4/deco2800-2013/deco2800.arcade.pacman/build/classes/main/
file:/C:/Users/Darryl/Documents/GitHub4/deco2800-2013/deco2800.arcade/build/classes/main/
file:/C:/Users/Darryl/Documents/GitHub4/deco2800-2013/deco2800.arcade.burningskies/build/classes/main/
file:/C:/Users/Darryl/Documents/GitHub4/deco2800-2013/deco2800.arcade.chess/build/classes/main/
file:/C:/Users/Darryl/Documents/GitHub4/deco2800-2013/deco2800.arcade.landInvaders/build/classes/main/
file:/C:/Users/Darryl/Documents/GitHub4/deco2800-2013/deco2800.arcade.snakeLadder/build/classes/main/
file:/C:/Users/Darryl/Documents/GitHub4/deco2800-2013/deco2800.arcade.wl6/build/classes/main/
file:/C:/Users/Darryl/Documents/GitHub4/deco2800-2013/deco2800.arcade.connect4/build/classes/main/
file:/C:/Users/Darryl/Documents/GitHub4/deco2800-2013/deco2800.arcade.deerforest/build/classes/main/
INFO main org.reflections.Reflections - Reflections took 266 ms to scan 25 urls, producing 100 keys and 431 values 
DEBUG main org.reflections.Reflections - going to scan these urls:
file:/C:/Users/Darryl/Documents/GitHub4/deco2800-2013/deco2800.arcade.mixmaze/build/classes/main/
file:/C:/Users/Darryl/Documents/GitHub4/deco2800-2013/deco2800.arcade.tictactoe/build/classes/main/
file:/C:/Users/Darryl/Documents/GitHub4/deco2800-2013/deco2800.arcade.checkers/build/classes/main/
file:/C:/Users/Darryl/Documents/GitHub4/deco2800-2013/deco2800.arcade.breakout/build/classes/main/
file:/C:/Users/Darryl/Documents/GitHub4/deco2800-2013/deco2800.arcade.junglejump/build/classes/main/
file:/C:/Users/Darryl/Documents/GitHub4/deco2800-2013/deco2800.arcade.hunter/build/classes/main/
jar:file:/C:/Users/Darryl/Documents/GitHub4/deco2800-2013/deco2800.arcade/build/libs/deco2800.arcade-1.0.jar!/
jar:file:/C:/Users/Darryl/Documents/GitHub4/deco2800-2013/deco2800.arcade.model/build/libs/deco2800.arcade.model-1.0.jar!/
file:/C:/Users/Darryl/Documents/GitHub4/deco2800-2013/deco2800.arcade.raiden/build/classes/main/
jar:file:/C:/Users/Darryl/Documents/GitHub4/deco2800-2013/deco2800.arcade.packman/build/libs/deco2800.arcade.packman-1.0.jar!/
jar:file:/C:/Users/Darryl/Documents/GitHub4/deco2800-2013/deco2800.arcade.utils/build/libs/deco2800.arcade.utils-1.0.jar!/
jar:file:/C:/Users/Darryl/Documents/GitHub4/deco2800-2013/deco2800.arcade.protocol/build/libs/deco2800.arcade.protocol-1.0.jar!/
file:/C:/Users/Darryl/Documents/GitHub4/deco2800-2013/deco2800.arcade.ui/build/classes/main/
file:/C:/Users/Darryl/Documents/GitHub4/deco2800-2013/deco2800.arcade.pong/build/classes/main/
jar:file:/C:/Users/Darryl/Documents/GitHub4/deco2800-2013/deco2800.arcade.platformergame/build/libs/deco2800.arcade.platformergame-1.0.jar!/
file:/C:/Users/Darryl/Documents/GitHub4/deco2800-2013/deco2800.arcade.towerdefence/build/classes/main/
file:/C:/Users/Darryl/Documents/GitHub4/deco2800-2013/deco2800.arcade.pacman/build/classes/main/
file:/C:/Users/Darryl/Documents/GitHub4/deco2800-2013/deco2800.arcade/build/classes/main/
file:/C:/Users/Darryl/Documents/GitHub4/deco2800-2013/deco2800.arcade.burningskies/build/classes/main/
file:/C:/Users/Darryl/Documents/GitHub4/deco2800-2013/deco2800.arcade.chess/build/classes/main/
file:/C:/Users/Darryl/Documents/GitHub4/deco2800-2013/deco2800.arcade.landInvaders/build/classes/main/
file:/C:/Users/Darryl/Documents/GitHub4/deco2800-2013/deco2800.arcade.snakeLadder/build/classes/main/
file:/C:/Users/Darryl/Documents/GitHub4/deco2800-2013/deco2800.arcade.wl6/build/classes/main/
file:/C:/Users/Darryl/Documents/GitHub4/deco2800-2013/deco2800.arcade.connect4/build/classes/main/
file:/C:/Users/Darryl/Documents/GitHub4/deco2800-2013/deco2800.arcade.deerforest/build/classes/main/
INFO main org.reflections.Reflections - Reflections took 282 ms to scan 25 urls, producing 100 keys and 431 values 
DEBUG main org.reflections.Reflections - going to scan these urls:
file:/C:/Users/Darryl/Documents/GitHub4/deco2800-2013/deco2800.arcade.mixmaze/build/classes/main/
file:/C:/Users/Darryl/Documents/GitHub4/deco2800-2013/deco2800.arcade.tictactoe/build/classes/main/
file:/C:/Users/Darryl/Documents/GitHub4/deco2800-2013/deco2800.arcade.checkers/build/classes/main/
file:/C:/Users/Darryl/Documents/GitHub4/deco2800-2013/deco2800.arcade.breakout/build/classes/main/
file:/C:/Users/Darryl/Documents/GitHub4/deco2800-2013/deco2800.arcade.junglejump/build/classes/main/
file:/C:/Users/Darryl/Documents/GitHub4/deco2800-2013/deco2800.arcade.hunter/build/classes/main/
jar:file:/C:/Users/Darryl/Documents/GitHub4/deco2800-2013/deco2800.arcade/build/libs/deco2800.arcade-1.0.jar!/
jar:file:/C:/Users/Darryl/Documents/GitHub4/deco2800-2013/deco2800.arcade.model/build/libs/deco2800.arcade.model-1.0.jar!/
file:/C:/Users/Darryl/Documents/GitHub4/deco2800-2013/deco2800.arcade.raiden/build/classes/main/
jar:file:/C:/Users/Darryl/Documents/GitHub4/deco2800-2013/deco2800.arcade.packman/build/libs/deco2800.arcade.packman-1.0.jar!/
jar:file:/C:/Users/Darryl/Documents/GitHub4/deco2800-2013/deco2800.arcade.utils/build/libs/deco2800.arcade.utils-1.0.jar!/
jar:file:/C:/Users/Darryl/Documents/GitHub4/deco2800-2013/deco2800.arcade.protocol/build/libs/deco2800.arcade.protocol-1.0.jar!/
file:/C:/Users/Darryl/Documents/GitHub4/deco2800-2013/deco2800.arcade.ui/build/classes/main/
file:/C:/Users/Darryl/Documents/GitHub4/deco2800-2013/deco2800.arcade.pong/build/classes/main/
jar:file:/C:/Users/Darryl/Documents/GitHub4/deco2800-2013/deco2800.arcade.platformergame/build/libs/deco2800.arcade.platformergame-1.0.jar!/
file:/C:/Users/Darryl/Documents/GitHub4/deco2800-2013/deco2800.arcade.towerdefence/build/classes/main/
file:/C:/Users/Darryl/Documents/GitHub4/deco2800-2013/deco2800.arcade.pacman/build/classes/main/
file:/C:/Users/Darryl/Documents/GitHub4/deco2800-2013/deco2800.arcade/build/classes/main/
file:/C:/Users/Darryl/Documents/GitHub4/deco2800-2013/deco2800.arcade.burningskies/build/classes/main/
file:/C:/Users/Darryl/Documents/GitHub4/deco2800-2013/deco2800.arcade.chess/build/classes/main/
file:/C:/Users/Darryl/Documents/GitHub4/deco2800-2013/deco2800.arcade.landInvaders/build/classes/main/
file:/C:/Users/Darryl/Documents/GitHub4/deco2800-2013/deco2800.arcade.snakeLadder/build/classes/main/
file:/C:/Users/Darryl/Documents/GitHub4/deco2800-2013/deco2800.arcade.wl6/build/classes/main/
file:/C:/Users/Darryl/Documents/GitHub4/deco2800-2013/deco2800.arcade.connect4/build/classes/main/
file:/C:/Users/Darryl/Documents/GitHub4/deco2800-2013/deco2800.arcade.deerforest/build/classes/main/
INFO main org.reflections.Reflections - Reflections took 231 ms to scan 25 urls, producing 100 keys and 431 values 
DEBUG main org.reflections.Reflections - going to scan these urls:
file:/C:/Users/Darryl/Documents/GitHub4/deco2800-2013/deco2800.arcade.mixmaze/build/classes/main/
file:/C:/Users/Darryl/Documents/GitHub4/deco2800-2013/deco2800.arcade.tictactoe/build/classes/main/
file:/C:/Users/Darryl/Documents/GitHub4/deco2800-2013/deco2800.arcade.checkers/build/classes/main/
file:/C:/Users/Darryl/Documents/GitHub4/deco2800-2013/deco2800.arcade.breakout/build/classes/main/
file:/C:/Users/Darryl/Documents/GitHub4/deco2800-2013/deco2800.arcade.junglejump/build/classes/main/
file:/C:/Users/Darryl/Documents/GitHub4/deco2800-2013/deco2800.arcade.hunter/build/classes/main/
jar:file:/C:/Users/Darryl/Documents/GitHub4/deco2800-2013/deco2800.arcade/build/libs/deco2800.arcade-1.0.jar!/
jar:file:/C:/Users/Darryl/Documents/GitHub4/deco2800-2013/deco2800.arcade.model/build/libs/deco2800.arcade.model-1.0.jar!/
file:/C:/Users/Darryl/Documents/GitHub4/deco2800-2013/deco2800.arcade.raiden/build/classes/main/
jar:file:/C:/Users/Darryl/Documents/GitHub4/deco2800-2013/deco2800.arcade.packman/build/libs/deco2800.arcade.packman-1.0.jar!/
jar:file:/C:/Users/Darryl/Documents/GitHub4/deco2800-2013/deco2800.arcade.utils/build/libs/deco2800.arcade.utils-1.0.jar!/
jar:file:/C:/Users/Darryl/Documents/GitHub4/deco2800-2013/deco2800.arcade.protocol/build/libs/deco2800.arcade.protocol-1.0.jar!/
file:/C:/Users/Darryl/Documents/GitHub4/deco2800-2013/deco2800.arcade.ui/build/classes/main/
file:/C:/Users/Darryl/Documents/GitHub4/deco2800-2013/deco2800.arcade.pong/build/classes/main/
jar:file:/C:/Users/Darryl/Documents/GitHub4/deco2800-2013/deco2800.arcade.platformergame/build/libs/deco2800.arcade.platformergame-1.0.jar!/
file:/C:/Users/Darryl/Documents/GitHub4/deco2800-2013/deco2800.arcade.towerdefence/build/classes/main/
file:/C:/Users/Darryl/Documents/GitHub4/deco2800-2013/deco2800.arcade.pacman/build/classes/main/
file:/C:/Users/Darryl/Documents/GitHub4/deco2800-2013/deco2800.arcade/build/classes/main/
file:/C:/Users/Darryl/Documents/GitHub4/deco2800-2013/deco2800.arcade.burningskies/build/classes/main/
file:/C:/Users/Darryl/Documents/GitHub4/deco2800-2013/deco2800.arcade.chess/build/classes/main/
file:/C:/Users/Darryl/Documents/GitHub4/deco2800-2013/deco2800.arcade.landInvaders/build/classes/main/
file:/C:/Users/Darryl/Documents/GitHub4/deco2800-2013/deco2800.arcade.snakeLadder/build/classes/main/
file:/C:/Users/Darryl/Documents/GitHub4/deco2800-2013/deco2800.arcade.wl6/build/classes/main/
file:/C:/Users/Darryl/Documents/GitHub4/deco2800-2013/deco2800.arcade.connect4/build/classes/main/
file:/C:/Users/Darryl/Documents/GitHub4/deco2800-2013/deco2800.arcade.deerforest/build/classes/main/
INFO main org.reflections.Reflections - Reflections took 249 ms to scan 25 urls, producing 100 keys and 431 values 
DEBUG main org.reflections.Reflections - going to scan these urls:
file:/C:/Users/Darryl/Documents/GitHub4/deco2800-2013/deco2800.arcade.mixmaze/build/classes/main/
file:/C:/Users/Darryl/Documents/GitHub4/deco2800-2013/deco2800.arcade.tictactoe/build/classes/main/
file:/C:/Users/Darryl/Documents/GitHub4/deco2800-2013/deco2800.arcade.checkers/build/classes/main/
file:/C:/Users/Darryl/Documents/GitHub4/deco2800-2013/deco2800.arcade.breakout/build/classes/main/
file:/C:/Users/Darryl/Documents/GitHub4/deco2800-2013/deco2800.arcade.junglejump/build/classes/main/
file:/C:/Users/Darryl/Documents/GitHub4/deco2800-2013/deco2800.arcade.hunter/build/classes/main/
jar:file:/C:/Users/Darryl/Documents/GitHub4/deco2800-2013/deco2800.arcade/build/libs/deco2800.arcade-1.0.jar!/
jar:file:/C:/Users/Darryl/Documents/GitHub4/deco2800-2013/deco2800.arcade.model/build/libs/deco2800.arcade.model-1.0.jar!/
file:/C:/Users/Darryl/Documents/GitHub4/deco2800-2013/deco2800.arcade.raiden/build/classes/main/
jar:file:/C:/Users/Darryl/Documents/GitHub4/deco2800-2013/deco2800.arcade.packman/build/libs/deco2800.arcade.packman-1.0.jar!/
jar:file:/C:/Users/Darryl/Documents/GitHub4/deco2800-2013/deco2800.arcade.utils/build/libs/deco2800.arcade.utils-1.0.jar!/
jar:file:/C:/Users/Darryl/Documents/GitHub4/deco2800-2013/deco2800.arcade.protocol/build/libs/deco2800.arcade.protocol-1.0.jar!/
file:/C:/Users/Darryl/Documents/GitHub4/deco2800-2013/deco2800.arcade.ui/build/classes/main/
file:/C:/Users/Darryl/Documents/GitHub4/deco2800-2013/deco2800.arcade.pong/build/classes/main/
jar:file:/C:/Users/Darryl/Documents/GitHub4/deco2800-2013/deco2800.arcade.platformergame/build/libs/deco2800.arcade.platformergame-1.0.jar!/
file:/C:/Users/Darryl/Documents/GitHub4/deco2800-2013/deco2800.arcade.towerdefence/build/classes/main/
file:/C:/Users/Darryl/Documents/GitHub4/deco2800-2013/deco2800.arcade.pacman/build/classes/main/
file:/C:/Users/Darryl/Documents/GitHub4/deco2800-2013/deco2800.arcade/build/classes/main/
file:/C:/Users/Darryl/Documents/GitHub4/deco2800-2013/deco2800.arcade.burningskies/build/classes/main/
file:/C:/Users/Darryl/Documents/GitHub4/deco2800-2013/deco2800.arcade.chess/build/classes/main/
file:/C:/Users/Darryl/Documents/GitHub4/deco2800-2013/deco2800.arcade.landInvaders/build/classes/main/
file:/C:/Users/Darryl/Documents/GitHub4/deco2800-2013/deco2800.arcade.snakeLadder/build/classes/main/
file:/C:/Users/Darryl/Documents/GitHub4/deco2800-2013/deco2800.arcade.wl6/build/classes/main/
file:/C:/Users/Darryl/Documents/GitHub4/deco2800-2013/deco2800.arcade.connect4/build/classes/main/
file:/C:/Users/Darryl/Documents/GitHub4/deco2800-2013/deco2800.arcade.deerforest/build/classes/main/
INFO main org.reflections.Reflections - Reflections took 258 ms to scan 25 urls, producing 100 keys and 431 values 
DEBUG main org.reflections.Reflections - going to scan these urls:
file:/C:/Users/Darryl/Documents/GitHub4/deco2800-2013/deco2800.arcade.mixmaze/build/classes/main/
file:/C:/Users/Darryl/Documents/GitHub4/deco2800-2013/deco2800.arcade.tictactoe/build/classes/main/
file:/C:/Users/Darryl/Documents/GitHub4/deco2800-2013/deco2800.arcade.checkers/build/classes/main/
file:/C:/Users/Darryl/Documents/GitHub4/deco2800-2013/deco2800.arcade.breakout/build/classes/main/
file:/C:/Users/Darryl/Documents/GitHub4/deco2800-2013/deco2800.arcade.junglejump/build/classes/main/
file:/C:/Users/Darryl/Documents/GitHub4/deco2800-2013/deco2800.arcade.hunter/build/classes/main/
jar:file:/C:/Users/Darryl/Documents/GitHub4/deco2800-2013/deco2800.arcade/build/libs/deco2800.arcade-1.0.jar!/
jar:file:/C:/Users/Darryl/Documents/GitHub4/deco2800-2013/deco2800.arcade.model/build/libs/deco2800.arcade.model-1.0.jar!/
file:/C:/Users/Darryl/Documents/GitHub4/deco2800-2013/deco2800.arcade.raiden/build/classes/main/
jar:file:/C:/Users/Darryl/Documents/GitHub4/deco2800-2013/deco2800.arcade.packman/build/libs/deco2800.arcade.packman-1.0.jar!/
jar:file:/C:/Users/Darryl/Documents/GitHub4/deco2800-2013/deco2800.arcade.utils/build/libs/deco2800.arcade.utils-1.0.jar!/
jar:file:/C:/Users/Darryl/Documents/GitHub4/deco2800-2013/deco2800.arcade.protocol/build/libs/deco2800.arcade.protocol-1.0.jar!/
file:/C:/Users/Darryl/Documents/GitHub4/deco2800-2013/deco2800.arcade.ui/build/classes/main/
file:/C:/Users/Darryl/Documents/GitHub4/deco2800-2013/deco2800.arcade.pong/build/classes/main/
jar:file:/C:/Users/Darryl/Documents/GitHub4/deco2800-2013/deco2800.arcade.platformergame/build/libs/deco2800.arcade.platformergame-1.0.jar!/
file:/C:/Users/Darryl/Documents/GitHub4/deco2800-2013/deco2800.arcade.towerdefence/build/classes/main/
file:/C:/Users/Darryl/Documents/GitHub4/deco2800-2013/deco2800.arcade.pacman/build/classes/main/
file:/C:/Users/Darryl/Documents/GitHub4/deco2800-2013/deco2800.arcade/build/classes/main/
file:/C:/Users/Darryl/Documents/GitHub4/deco2800-2013/deco2800.arcade.burningskies/build/classes/main/
file:/C:/Users/Darryl/Documents/GitHub4/deco2800-2013/deco2800.arcade.chess/build/classes/main/
file:/C:/Users/Darryl/Documents/GitHub4/deco2800-2013/deco2800.arcade.landInvaders/build/classes/main/
file:/C:/Users/Darryl/Documents/GitHub4/deco2800-2013/deco2800.arcade.snakeLadder/build/classes/main/
file:/C:/Users/Darryl/Documents/GitHub4/deco2800-2013/deco2800.arcade.wl6/build/classes/main/
file:/C:/Users/Darryl/Documents/GitHub4/deco2800-2013/deco2800.arcade.connect4/build/classes/main/
file:/C:/Users/Darryl/Documents/GitHub4/deco2800-2013/deco2800.arcade.deerforest/build/classes/main/
INFO main org.reflections.Reflections - Reflections took 230 ms to scan 25 urls, producing 100 keys and 431 values 
DEBUG main org.reflections.Reflections - going to scan these urls:
file:/C:/Users/Darryl/Documents/GitHub4/deco2800-2013/deco2800.arcade.mixmaze/build/classes/main/
file:/C:/Users/Darryl/Documents/GitHub4/deco2800-2013/deco2800.arcade.tictactoe/build/classes/main/
file:/C:/Users/Darryl/Documents/GitHub4/deco2800-2013/deco2800.arcade.checkers/build/classes/main/
file:/C:/Users/Darryl/Documents/GitHub4/deco2800-2013/deco2800.arcade.breakout/build/classes/main/
file:/C:/Users/Darryl/Documents/GitHub4/deco2800-2013/deco2800.arcade.junglejump/build/classes/main/
file:/C:/Users/Darryl/Documents/GitHub4/deco2800-2013/deco2800.arcade.hunter/build/classes/main/
jar:file:/C:/Users/Darryl/Documents/GitHub4/deco2800-2013/deco2800.arcade/build/libs/deco2800.arcade-1.0.jar!/
jar:file:/C:/Users/Darryl/Documents/GitHub4/deco2800-2013/deco2800.arcade.model/build/libs/deco2800.arcade.model-1.0.jar!/
file:/C:/Users/Darryl/Documents/GitHub4/deco2800-2013/deco2800.arcade.raiden/build/classes/main/
jar:file:/C:/Users/Darryl/Documents/GitHub4/deco2800-2013/deco2800.arcade.packman/build/libs/deco2800.arcade.packman-1.0.jar!/
jar:file:/C:/Users/Darryl/Documents/GitHub4/deco2800-2013/deco2800.arcade.utils/build/libs/deco2800.arcade.utils-1.0.jar!/
jar:file:/C:/Users/Darryl/Documents/GitHub4/deco2800-2013/deco2800.arcade.protocol/build/libs/deco2800.arcade.protocol-1.0.jar!/
file:/C:/Users/Darryl/Documents/GitHub4/deco2800-2013/deco2800.arcade.ui/build/classes/main/
file:/C:/Users/Darryl/Documents/GitHub4/deco2800-2013/deco2800.arcade.pong/build/classes/main/
jar:file:/C:/Users/Darryl/Documents/GitHub4/deco2800-2013/deco2800.arcade.platformergame/build/libs/deco2800.arcade.platformergame-1.0.jar!/
file:/C:/Users/Darryl/Documents/GitHub4/deco2800-2013/deco2800.arcade.towerdefence/build/classes/main/
file:/C:/Users/Darryl/Documents/GitHub4/deco2800-2013/deco2800.arcade.pacman/build/classes/main/
file:/C:/Users/Darryl/Documents/GitHub4/deco2800-2013/deco2800.arcade/build/classes/main/
file:/C:/Users/Darryl/Documents/GitHub4/deco2800-2013/deco2800.arcade.burningskies/build/classes/main/
file:/C:/Users/Darryl/Documents/GitHub4/deco2800-2013/deco2800.arcade.chess/build/classes/main/
file:/C:/Users/Darryl/Documents/GitHub4/deco2800-2013/deco2800.arcade.landInvaders/build/classes/main/
file:/C:/Users/Darryl/Documents/GitHub4/deco2800-2013/deco2800.arcade.snakeLadder/build/classes/main/
file:/C:/Users/Darryl/Documents/GitHub4/deco2800-2013/deco2800.arcade.wl6/build/classes/main/
file:/C:/Users/Darryl/Documents/GitHub4/deco2800-2013/deco2800.arcade.connect4/build/classes/main/
file:/C:/Users/Darryl/Documents/GitHub4/deco2800-2013/deco2800.arcade.deerforest/build/classes/main/
INFO main org.reflections.Reflections - Reflections took 222 ms to scan 25 urls, producing 100 keys and 431 values 
DEBUG main org.reflections.Reflections - going to scan these urls:
file:/C:/Users/Darryl/Documents/GitHub4/deco2800-2013/deco2800.arcade.mixmaze/build/classes/main/
file:/C:/Users/Darryl/Documents/GitHub4/deco2800-2013/deco2800.arcade.tictactoe/build/classes/main/
file:/C:/Users/Darryl/Documents/GitHub4/deco2800-2013/deco2800.arcade.checkers/build/classes/main/
file:/C:/Users/Darryl/Documents/GitHub4/deco2800-2013/deco2800.arcade.breakout/build/classes/main/
file:/C:/Users/Darryl/Documents/GitHub4/deco2800-2013/deco2800.arcade.junglejump/build/classes/main/
file:/C:/Users/Darryl/Documents/GitHub4/deco2800-2013/deco2800.arcade.hunter/build/classes/main/
jar:file:/C:/Users/Darryl/Documents/GitHub4/deco2800-2013/deco2800.arcade/build/libs/deco2800.arcade-1.0.jar!/
jar:file:/C:/Users/Darryl/Documents/GitHub4/deco2800-2013/deco2800.arcade.model/build/libs/deco2800.arcade.model-1.0.jar!/
file:/C:/Users/Darryl/Documents/GitHub4/deco2800-2013/deco2800.arcade.raiden/build/classes/main/
jar:file:/C:/Users/Darryl/Documents/GitHub4/deco2800-2013/deco2800.arcade.packman/build/libs/deco2800.arcade.packman-1.0.jar!/
jar:file:/C:/Users/Darryl/Documents/GitHub4/deco2800-2013/deco2800.arcade.utils/build/libs/deco2800.arcade.utils-1.0.jar!/
jar:file:/C:/Users/Darryl/Documents/GitHub4/deco2800-2013/deco2800.arcade.protocol/build/libs/deco2800.arcade.protocol-1.0.jar!/
file:/C:/Users/Darryl/Documents/GitHub4/deco2800-2013/deco2800.arcade.ui/build/classes/main/
file:/C:/Users/Darryl/Documents/GitHub4/deco2800-2013/deco2800.arcade.pong/build/classes/main/
jar:file:/C:/Users/Darryl/Documents/GitHub4/deco2800-2013/deco2800.arcade.platformergame/build/libs/deco2800.arcade.platformergame-1.0.jar!/
file:/C:/Users/Darryl/Documents/GitHub4/deco2800-2013/deco2800.arcade.towerdefence/build/classes/main/
file:/C:/Users/Darryl/Documents/GitHub4/deco2800-2013/deco2800.arcade.pacman/build/classes/main/
file:/C:/Users/Darryl/Documents/GitHub4/deco2800-2013/deco2800.arcade/build/classes/main/
file:/C:/Users/Darryl/Documents/GitHub4/deco2800-2013/deco2800.arcade.burningskies/build/classes/main/
file:/C:/Users/Darryl/Documents/GitHub4/deco2800-2013/deco2800.arcade.chess/build/classes/main/
file:/C:/Users/Darryl/Documents/GitHub4/deco2800-2013/deco2800.arcade.landInvaders/build/classes/main/
file:/C:/Users/Darryl/Documents/GitHub4/deco2800-2013/deco2800.arcade.snakeLadder/build/classes/main/
file:/C:/Users/Darryl/Documents/GitHub4/deco2800-2013/deco2800.arcade.wl6/build/classes/main/
file:/C:/Users/Darryl/Documents/GitHub4/deco2800-2013/deco2800.arcade.connect4/build/classes/main/
file:/C:/Users/Darryl/Documents/GitHub4/deco2800-2013/deco2800.arcade.deerforest/build/classes/main/
INFO main org.reflections.Reflections - Reflections took 268 ms to scan 25 urls, producing 100 keys and 431 values 
DEBUG main org.reflections.Reflections - going to scan these urls:
file:/C:/Users/Darryl/Documents/GitHub4/deco2800-2013/deco2800.arcade.mixmaze/build/classes/main/
file:/C:/Users/Darryl/Documents/GitHub4/deco2800-2013/deco2800.arcade.tictactoe/build/classes/main/
file:/C:/Users/Darryl/Documents/GitHub4/deco2800-2013/deco2800.arcade.checkers/build/classes/main/
file:/C:/Users/Darryl/Documents/GitHub4/deco2800-2013/deco2800.arcade.breakout/build/classes/main/
file:/C:/Users/Darryl/Documents/GitHub4/deco2800-2013/deco2800.arcade.junglejump/build/classes/main/
file:/C:/Users/Darryl/Documents/GitHub4/deco2800-2013/deco2800.arcade.hunter/build/classes/main/
jar:file:/C:/Users/Darryl/Documents/GitHub4/deco2800-2013/deco2800.arcade/build/libs/deco2800.arcade-1.0.jar!/
jar:file:/C:/Users/Darryl/Documents/GitHub4/deco2800-2013/deco2800.arcade.model/build/libs/deco2800.arcade.model-1.0.jar!/
file:/C:/Users/Darryl/Documents/GitHub4/deco2800-2013/deco2800.arcade.raiden/build/classes/main/
jar:file:/C:/Users/Darryl/Documents/GitHub4/deco2800-2013/deco2800.arcade.packman/build/libs/deco2800.arcade.packman-1.0.jar!/
jar:file:/C:/Users/Darryl/Documents/GitHub4/deco2800-2013/deco2800.arcade.utils/build/libs/deco2800.arcade.utils-1.0.jar!/
jar:file:/C:/Users/Darryl/Documents/GitHub4/deco2800-2013/deco2800.arcade.protocol/build/libs/deco2800.arcade.protocol-1.0.jar!/
file:/C:/Users/Darryl/Documents/GitHub4/deco2800-2013/deco2800.arcade.ui/build/classes/main/
file:/C:/Users/Darryl/Documents/GitHub4/deco2800-2013/deco2800.arcade.pong/build/classes/main/
jar:file:/C:/Users/Darryl/Documents/GitHub4/deco2800-2013/deco2800.arcade.platformergame/build/libs/deco2800.arcade.platformergame-1.0.jar!/
file:/C:/Users/Darryl/Documents/GitHub4/deco2800-2013/deco2800.arcade.towerdefence/build/classes/main/
file:/C:/Users/Darryl/Documents/GitHub4/deco2800-2013/deco2800.arcade.pacman/build/classes/main/
file:/C:/Users/Darryl/Documents/GitHub4/deco2800-2013/deco2800.arcade/build/classes/main/
file:/C:/Users/Darryl/Documents/GitHub4/deco2800-2013/deco2800.arcade.burningskies/build/classes/main/
file:/C:/Users/Darryl/Documents/GitHub4/deco2800-2013/deco2800.arcade.chess/build/classes/main/
file:/C:/Users/Darryl/Documents/GitHub4/deco2800-2013/deco2800.arcade.landInvaders/build/classes/main/
file:/C:/Users/Darryl/Documents/GitHub4/deco2800-2013/deco2800.arcade.snakeLadder/build/classes/main/
file:/C:/Users/Darryl/Documents/GitHub4/deco2800-2013/deco2800.arcade.wl6/build/classes/main/
file:/C:/Users/Darryl/Documents/GitHub4/deco2800-2013/deco2800.arcade.connect4/build/classes/main/
file:/C:/Users/Darryl/Documents/GitHub4/deco2800-2013/deco2800.arcade.deerforest/build/classes/main/
INFO main org.reflections.Reflections - Reflections took 607 ms to scan 25 urls, producing 100 keys and 431 values 
DEBUG main org.reflections.Reflections - going to scan these urls:
file:/C:/Users/Darryl/Documents/GitHub4/deco2800-2013/deco2800.arcade.mixmaze/build/classes/main/
file:/C:/Users/Darryl/Documents/GitHub4/deco2800-2013/deco2800.arcade.tictactoe/build/classes/main/
file:/C:/Users/Darryl/Documents/GitHub4/deco2800-2013/deco2800.arcade.checkers/build/classes/main/
file:/C:/Users/Darryl/Documents/GitHub4/deco2800-2013/deco2800.arcade.breakout/build/classes/main/
file:/C:/Users/Darryl/Documents/GitHub4/deco2800-2013/deco2800.arcade.junglejump/build/classes/main/
file:/C:/Users/Darryl/Documents/GitHub4/deco2800-2013/deco2800.arcade.hunter/build/classes/main/
jar:file:/C:/Users/Darryl/Documents/GitHub4/deco2800-2013/deco2800.arcade/build/libs/deco2800.arcade-1.0.jar!/
jar:file:/C:/Users/Darryl/Documents/GitHub4/deco2800-2013/deco2800.arcade.model/build/libs/deco2800.arcade.model-1.0.jar!/
file:/C:/Users/Darryl/Documents/GitHub4/deco2800-2013/deco2800.arcade.raiden/build/classes/main/
jar:file:/C:/Users/Darryl/Documents/GitHub4/deco2800-2013/deco2800.arcade.packman/build/libs/deco2800.arcade.packman-1.0.jar!/
jar:file:/C:/Users/Darryl/Documents/GitHub4/deco2800-2013/deco2800.arcade.utils/build/libs/deco2800.arcade.utils-1.0.jar!/
jar:file:/C:/Users/Darryl/Documents/GitHub4/deco2800-2013/deco2800.arcade.protocol/build/libs/deco2800.arcade.protocol-1.0.jar!/
file:/C:/Users/Darryl/Documents/GitHub4/deco2800-2013/deco2800.arcade.ui/build/classes/main/
file:/C:/Users/Darryl/Documents/GitHub4/deco2800-2013/deco2800.arcade.pong/build/classes/main/
jar:file:/C:/Users/Darryl/Documents/GitHub4/deco2800-2013/deco2800.arcade.platformergame/build/libs/deco2800.arcade.platformergame-1.0.jar!/
file:/C:/Users/Darryl/Documents/GitHub4/deco2800-2013/deco2800.arcade.towerdefence/build/classes/main/
file:/C:/Users/Darryl/Documents/GitHub4/deco2800-2013/deco2800.arcade.pacman/build/classes/main/
file:/C:/Users/Darryl/Documents/GitHub4/deco2800-2013/deco2800.arcade/build/classes/main/
file:/C:/Users/Darryl/Documents/GitHub4/deco2800-2013/deco2800.arcade.burningskies/build/classes/main/
file:/C:/Users/Darryl/Documents/GitHub4/deco2800-2013/deco2800.arcade.chess/build/classes/main/
file:/C:/Users/Darryl/Documents/GitHub4/deco2800-2013/deco2800.arcade.landInvaders/build/classes/main/
file:/C:/Users/Darryl/Documents/GitHub4/deco2800-2013/deco2800.arcade.snakeLadder/build/classes/main/
file:/C:/Users/Darryl/Documents/GitHub4/deco2800-2013/deco2800.arcade.wl6/build/classes/main/
file:/C:/Users/Darryl/Documents/GitHub4/deco2800-2013/deco2800.arcade.connect4/build/classes/main/
file:/C:/Users/Darryl/Documents/GitHub4/deco2800-2013/deco2800.arcade.deerforest/build/classes/main/
INFO main org.reflections.Reflections - Reflections took 233 ms to scan 25 urls, producing 100 keys and 431 values 
DEBUG main org.reflections.Reflections - going to scan these urls:
file:/C:/Users/Darryl/Documents/GitHub4/deco2800-2013/deco2800.arcade.mixmaze/build/classes/main/
file:/C:/Users/Darryl/Documents/GitHub4/deco2800-2013/deco2800.arcade.tictactoe/build/classes/main/
file:/C:/Users/Darryl/Documents/GitHub4/deco2800-2013/deco2800.arcade.checkers/build/classes/main/
file:/C:/Users/Darryl/Documents/GitHub4/deco2800-2013/deco2800.arcade.breakout/build/classes/main/
file:/C:/Users/Darryl/Documents/GitHub4/deco2800-2013/deco2800.arcade.junglejump/build/classes/main/
file:/C:/Users/Darryl/Documents/GitHub4/deco2800-2013/deco2800.arcade.hunter/build/classes/main/
jar:file:/C:/Users/Darryl/Documents/GitHub4/deco2800-2013/deco2800.arcade/build/libs/deco2800.arcade-1.0.jar!/
jar:file:/C:/Users/Darryl/Documents/GitHub4/deco2800-2013/deco2800.arcade.model/build/libs/deco2800.arcade.model-1.0.jar!/
file:/C:/Users/Darryl/Documents/GitHub4/deco2800-2013/deco2800.arcade.raiden/build/classes/main/
jar:file:/C:/Users/Darryl/Documents/GitHub4/deco2800-2013/deco2800.arcade.packman/build/libs/deco2800.arcade.packman-1.0.jar!/
jar:file:/C:/Users/Darryl/Documents/GitHub4/deco2800-2013/deco2800.arcade.utils/build/libs/deco2800.arcade.utils-1.0.jar!/
jar:file:/C:/Users/Darryl/Documents/GitHub4/deco2800-2013/deco2800.arcade.protocol/build/libs/deco2800.arcade.protocol-1.0.jar!/
file:/C:/Users/Darryl/Documents/GitHub4/deco2800-2013/deco2800.arcade.ui/build/classes/main/
file:/C:/Users/Darryl/Documents/GitHub4/deco2800-2013/deco2800.arcade.pong/build/classes/main/
jar:file:/C:/Users/Darryl/Documents/GitHub4/deco2800-2013/deco2800.arcade.platformergame/build/libs/deco2800.arcade.platformergame-1.0.jar!/
file:/C:/Users/Darryl/Documents/GitHub4/deco2800-2013/deco2800.arcade.towerdefence/build/classes/main/
file:/C:/Users/Darryl/Documents/GitHub4/deco2800-2013/deco2800.arcade.pacman/build/classes/main/
file:/C:/Users/Darryl/Documents/GitHub4/deco2800-2013/deco2800.arcade/build/classes/main/
file:/C:/Users/Darryl/Documents/GitHub4/deco2800-2013/deco2800.arcade.burningskies/build/classes/main/
file:/C:/Users/Darryl/Documents/GitHub4/deco2800-2013/deco2800.arcade.chess/build/classes/main/
file:/C:/Users/Darryl/Documents/GitHub4/deco2800-2013/deco2800.arcade.landInvaders/build/classes/main/
file:/C:/Users/Darryl/Documents/GitHub4/deco2800-2013/deco2800.arcade.snakeLadder/build/classes/main/
file:/C:/Users/Darryl/Documents/GitHub4/deco2800-2013/deco2800.arcade.wl6/build/classes/main/
file:/C:/Users/Darryl/Documents/GitHub4/deco2800-2013/deco2800.arcade.connect4/build/classes/main/
file:/C:/Users/Darryl/Documents/GitHub4/deco2800-2013/deco2800.arcade.deerforest/build/classes/main/
INFO main org.reflections.Reflections - Reflections took 255 ms to scan 25 urls, producing 100 keys and 431 values 
DEBUG main org.reflections.Reflections - going to scan these urls:
file:/C:/Users/Darryl/Documents/GitHub4/deco2800-2013/deco2800.arcade.mixmaze/build/classes/main/
file:/C:/Users/Darryl/Documents/GitHub4/deco2800-2013/deco2800.arcade.tictactoe/build/classes/main/
file:/C:/Users/Darryl/Documents/GitHub4/deco2800-2013/deco2800.arcade.checkers/build/classes/main/
file:/C:/Users/Darryl/Documents/GitHub4/deco2800-2013/deco2800.arcade.breakout/build/classes/main/
file:/C:/Users/Darryl/Documents/GitHub4/deco2800-2013/deco2800.arcade.junglejump/build/classes/main/
file:/C:/Users/Darryl/Documents/GitHub4/deco2800-2013/deco2800.arcade.hunter/build/classes/main/
jar:file:/C:/Users/Darryl/Documents/GitHub4/deco2800-2013/deco2800.arcade/build/libs/deco2800.arcade-1.0.jar!/
jar:file:/C:/Users/Darryl/Documents/GitHub4/deco2800-2013/deco2800.arcade.model/build/libs/deco2800.arcade.model-1.0.jar!/
file:/C:/Users/Darryl/Documents/GitHub4/deco2800-2013/deco2800.arcade.raiden/build/classes/main/
jar:file:/C:/Users/Darryl/Documents/GitHub4/deco2800-2013/deco2800.arcade.packman/build/libs/deco2800.arcade.packman-1.0.jar!/
jar:file:/C:/Users/Darryl/Documents/GitHub4/deco2800-2013/deco2800.arcade.utils/build/libs/deco2800.arcade.utils-1.0.jar!/
jar:file:/C:/Users/Darryl/Documents/GitHub4/deco2800-2013/deco2800.arcade.protocol/build/libs/deco2800.arcade.protocol-1.0.jar!/
file:/C:/Users/Darryl/Documents/GitHub4/deco2800-2013/deco2800.arcade.ui/build/classes/main/
file:/C:/Users/Darryl/Documents/GitHub4/deco2800-2013/deco2800.arcade.pong/build/classes/main/
jar:file:/C:/Users/Darryl/Documents/GitHub4/deco2800-2013/deco2800.arcade.platformergame/build/libs/deco2800.arcade.platformergame-1.0.jar!/
file:/C:/Users/Darryl/Documents/GitHub4/deco2800-2013/deco2800.arcade.towerdefence/build/classes/main/
file:/C:/Users/Darryl/Documents/GitHub4/deco2800-2013/deco2800.arcade.pacman/build/classes/main/
file:/C:/Users/Darryl/Documents/GitHub4/deco2800-2013/deco2800.arcade/build/classes/main/
file:/C:/Users/Darryl/Documents/GitHub4/deco2800-2013/deco2800.arcade.burningskies/build/classes/main/
file:/C:/Users/Darryl/Documents/GitHub4/deco2800-2013/deco2800.arcade.chess/build/classes/main/
file:/C:/Users/Darryl/Documents/GitHub4/deco2800-2013/deco2800.arcade.landInvaders/build/classes/main/
file:/C:/Users/Darryl/Documents/GitHub4/deco2800-2013/deco2800.arcade.snakeLadder/build/classes/main/
file:/C:/Users/Darryl/Documents/GitHub4/deco2800-2013/deco2800.arcade.wl6/build/classes/main/
file:/C:/Users/Darryl/Documents/GitHub4/deco2800-2013/deco2800.arcade.connect4/build/classes/main/
file:/C:/Users/Darryl/Documents/GitHub4/deco2800-2013/deco2800.arcade.deerforest/build/classes/main/
INFO main org.reflections.Reflections - Reflections took 664 ms to scan 25 urls, producing 100 keys and 431 values 
DEBUG main org.reflections.Reflections - going to scan these urls:
file:/C:/Users/Darryl/Documents/GitHub4/deco2800-2013/deco2800.arcade.mixmaze/build/classes/main/
file:/C:/Users/Darryl/Documents/GitHub4/deco2800-2013/deco2800.arcade.tictactoe/build/classes/main/
file:/C:/Users/Darryl/Documents/GitHub4/deco2800-2013/deco2800.arcade.checkers/build/classes/main/
file:/C:/Users/Darryl/Documents/GitHub4/deco2800-2013/deco2800.arcade.breakout/build/classes/main/
file:/C:/Users/Darryl/Documents/GitHub4/deco2800-2013/deco2800.arcade.junglejump/build/classes/main/
file:/C:/Users/Darryl/Documents/GitHub4/deco2800-2013/deco2800.arcade.hunter/build/classes/main/
jar:file:/C:/Users/Darryl/Documents/GitHub4/deco2800-2013/deco2800.arcade/build/libs/deco2800.arcade-1.0.jar!/
jar:file:/C:/Users/Darryl/Documents/GitHub4/deco2800-2013/deco2800.arcade.model/build/libs/deco2800.arcade.model-1.0.jar!/
file:/C:/Users/Darryl/Documents/GitHub4/deco2800-2013/deco2800.arcade.raiden/build/classes/main/
jar:file:/C:/Users/Darryl/Documents/GitHub4/deco2800-2013/deco2800.arcade.packman/build/libs/deco2800.arcade.packman-1.0.jar!/
jar:file:/C:/Users/Darryl/Documents/GitHub4/deco2800-2013/deco2800.arcade.utils/build/libs/deco2800.arcade.utils-1.0.jar!/
jar:file:/C:/Users/Darryl/Documents/GitHub4/deco2800-2013/deco2800.arcade.protocol/build/libs/deco2800.arcade.protocol-1.0.jar!/
file:/C:/Users/Darryl/Documents/GitHub4/deco2800-2013/deco2800.arcade.ui/build/classes/main/
file:/C:/Users/Darryl/Documents/GitHub4/deco2800-2013/deco2800.arcade.pong/build/classes/main/
jar:file:/C:/Users/Darryl/Documents/GitHub4/deco2800-2013/deco2800.arcade.platformergame/build/libs/deco2800.arcade.platformergame-1.0.jar!/
file:/C:/Users/Darryl/Documents/GitHub4/deco2800-2013/deco2800.arcade.towerdefence/build/classes/main/
file:/C:/Users/Darryl/Documents/GitHub4/deco2800-2013/deco2800.arcade.pacman/build/classes/main/
file:/C:/Users/Darryl/Documents/GitHub4/deco2800-2013/deco2800.arcade/build/classes/main/
file:/C:/Users/Darryl/Documents/GitHub4/deco2800-2013/deco2800.arcade.burningskies/build/classes/main/
file:/C:/Users/Darryl/Documents/GitHub4/deco2800-2013/deco2800.arcade.chess/build/classes/main/
file:/C:/Users/Darryl/Documents/GitHub4/deco2800-2013/deco2800.arcade.landInvaders/build/classes/main/
file:/C:/Users/Darryl/Documents/GitHub4/deco2800-2013/deco2800.arcade.snakeLadder/build/classes/main/
file:/C:/Users/Darryl/Documents/GitHub4/deco2800-2013/deco2800.arcade.wl6/build/classes/main/
file:/C:/Users/Darryl/Documents/GitHub4/deco2800-2013/deco2800.arcade.connect4/build/classes/main/
file:/C:/Users/Darryl/Documents/GitHub4/deco2800-2013/deco2800.arcade.deerforest/build/classes/main/
INFO main org.reflections.Reflections - Reflections took 2546 ms to scan 25 urls, producing 100 keys and 431 values 
DEBUG main org.reflections.Reflections - going to scan these urls:
file:/C:/Users/Darryl/Documents/GitHub4/deco2800-2013/deco2800.arcade.mixmaze/build/classes/main/
file:/C:/Users/Darryl/Documents/GitHub4/deco2800-2013/deco2800.arcade.tictactoe/build/classes/main/
file:/C:/Users/Darryl/Documents/GitHub4/deco2800-2013/deco2800.arcade.checkers/build/classes/main/
file:/C:/Users/Darryl/Documents/GitHub4/deco2800-2013/deco2800.arcade.breakout/build/classes/main/
file:/C:/Users/Darryl/Documents/GitHub4/deco2800-2013/deco2800.arcade.junglejump/build/classes/main/
file:/C:/Users/Darryl/Documents/GitHub4/deco2800-2013/deco2800.arcade.hunter/build/classes/main/
jar:file:/C:/Users/Darryl/Documents/GitHub4/deco2800-2013/deco2800.arcade/build/libs/deco2800.arcade-1.0.jar!/
jar:file:/C:/Users/Darryl/Documents/GitHub4/deco2800-2013/deco2800.arcade.model/build/libs/deco2800.arcade.model-1.0.jar!/
file:/C:/Users/Darryl/Documents/GitHub4/deco2800-2013/deco2800.arcade.raiden/build/classes/main/
jar:file:/C:/Users/Darryl/Documents/GitHub4/deco2800-2013/deco2800.arcade.packman/build/libs/deco2800.arcade.packman-1.0.jar!/
jar:file:/C:/Users/Darryl/Documents/GitHub4/deco2800-2013/deco2800.arcade.utils/build/libs/deco2800.arcade.utils-1.0.jar!/
jar:file:/C:/Users/Darryl/Documents/GitHub4/deco2800-2013/deco2800.arcade.protocol/build/libs/deco2800.arcade.protocol-1.0.jar!/
file:/C:/Users/Darryl/Documents/GitHub4/deco2800-2013/deco2800.arcade.ui/build/classes/main/
file:/C:/Users/Darryl/Documents/GitHub4/deco2800-2013/deco2800.arcade.pong/build/classes/main/
jar:file:/C:/Users/Darryl/Documents/GitHub4/deco2800-2013/deco2800.arcade.platformergame/build/libs/deco2800.arcade.platformergame-1.0.jar!/
file:/C:/Users/Darryl/Documents/GitHub4/deco2800-2013/deco2800.arcade.towerdefence/build/classes/main/
file:/C:/Users/Darryl/Documents/GitHub4/deco2800-2013/deco2800.arcade.pacman/build/classes/main/
file:/C:/Users/Darryl/Documents/GitHub4/deco2800-2013/deco2800.arcade/build/classes/main/
file:/C:/Users/Darryl/Documents/GitHub4/deco2800-2013/deco2800.arcade.burningskies/build/classes/main/
file:/C:/Users/Darryl/Documents/GitHub4/deco2800-2013/deco2800.arcade.chess/build/classes/main/
file:/C:/Users/Darryl/Documents/GitHub4/deco2800-2013/deco2800.arcade.landInvaders/build/classes/main/
file:/C:/Users/Darryl/Documents/GitHub4/deco2800-2013/deco2800.arcade.snakeLadder/build/classes/main/
file:/C:/Users/Darryl/Documents/GitHub4/deco2800-2013/deco2800.arcade.wl6/build/classes/main/
file:/C:/Users/Darryl/Documents/GitHub4/deco2800-2013/deco2800.arcade.connect4/build/classes/main/
file:/C:/Users/Darryl/Documents/GitHub4/deco2800-2013/deco2800.arcade.deerforest/build/classes/main/
INFO main org.reflections.Reflections - Reflections took 424 ms to scan 25 urls, producing 100 keys and 431 values 
DEBUG main org.reflections.Reflections - going to scan these urls:
file:/C:/Users/Darryl/Documents/GitHub4/deco2800-2013/deco2800.arcade.mixmaze/build/classes/main/
file:/C:/Users/Darryl/Documents/GitHub4/deco2800-2013/deco2800.arcade.tictactoe/build/classes/main/
file:/C:/Users/Darryl/Documents/GitHub4/deco2800-2013/deco2800.arcade.checkers/build/classes/main/
file:/C:/Users/Darryl/Documents/GitHub4/deco2800-2013/deco2800.arcade.breakout/build/classes/main/
file:/C:/Users/Darryl/Documents/GitHub4/deco2800-2013/deco2800.arcade.junglejump/build/classes/main/
file:/C:/Users/Darryl/Documents/GitHub4/deco2800-2013/deco2800.arcade.hunter/build/classes/main/
jar:file:/C:/Users/Darryl/Documents/GitHub4/deco2800-2013/deco2800.arcade/build/libs/deco2800.arcade-1.0.jar!/
jar:file:/C:/Users/Darryl/Documents/GitHub4/deco2800-2013/deco2800.arcade.model/build/libs/deco2800.arcade.model-1.0.jar!/
file:/C:/Users/Darryl/Documents/GitHub4/deco2800-2013/deco2800.arcade.raiden/build/classes/main/
jar:file:/C:/Users/Darryl/Documents/GitHub4/deco2800-2013/deco2800.arcade.packman/build/libs/deco2800.arcade.packman-1.0.jar!/
jar:file:/C:/Users/Darryl/Documents/GitHub4/deco2800-2013/deco2800.arcade.utils/build/libs/deco2800.arcade.utils-1.0.jar!/
jar:file:/C:/Users/Darryl/Documents/GitHub4/deco2800-2013/deco2800.arcade.protocol/build/libs/deco2800.arcade.protocol-1.0.jar!/
file:/C:/Users/Darryl/Documents/GitHub4/deco2800-2013/deco2800.arcade.ui/build/classes/main/
file:/C:/Users/Darryl/Documents/GitHub4/deco2800-2013/deco2800.arcade.pong/build/classes/main/
jar:file:/C:/Users/Darryl/Documents/GitHub4/deco2800-2013/deco2800.arcade.platformergame/build/libs/deco2800.arcade.platformergame-1.0.jar!/
file:/C:/Users/Darryl/Documents/GitHub4/deco2800-2013/deco2800.arcade.towerdefence/build/classes/main/
file:/C:/Users/Darryl/Documents/GitHub4/deco2800-2013/deco2800.arcade.pacman/build/classes/main/
file:/C:/Users/Darryl/Documents/GitHub4/deco2800-2013/deco2800.arcade/build/classes/main/
file:/C:/Users/Darryl/Documents/GitHub4/deco2800-2013/deco2800.arcade.burningskies/build/classes/main/
file:/C:/Users/Darryl/Documents/GitHub4/deco2800-2013/deco2800.arcade.chess/build/classes/main/
file:/C:/Users/Darryl/Documents/GitHub4/deco2800-2013/deco2800.arcade.landInvaders/build/classes/main/
file:/C:/Users/Darryl/Documents/GitHub4/deco2800-2013/deco2800.arcade.snakeLadder/build/classes/main/
file:/C:/Users/Darryl/Documents/GitHub4/deco2800-2013/deco2800.arcade.wl6/build/classes/main/
file:/C:/Users/Darryl/Documents/GitHub4/deco2800-2013/deco2800.arcade.connect4/build/classes/main/
file:/C:/Users/Darryl/Documents/GitHub4/deco2800-2013/deco2800.arcade.deerforest/build/classes/main/
INFO main org.reflections.Reflections - Reflections took 284 ms to scan 25 urls, producing 100 keys and 431 values 
DEBUG main org.reflections.Reflections - going to scan these urls:
file:/C:/Users/Darryl/Documents/GitHub4/deco2800-2013/deco2800.arcade.mixmaze/build/classes/main/
file:/C:/Users/Darryl/Documents/GitHub4/deco2800-2013/deco2800.arcade.tictactoe/build/classes/main/
file:/C:/Users/Darryl/Documents/GitHub4/deco2800-2013/deco2800.arcade.checkers/build/classes/main/
file:/C:/Users/Darryl/Documents/GitHub4/deco2800-2013/deco2800.arcade.breakout/build/classes/main/
file:/C:/Users/Darryl/Documents/GitHub4/deco2800-2013/deco2800.arcade.junglejump/build/classes/main/
file:/C:/Users/Darryl/Documents/GitHub4/deco2800-2013/deco2800.arcade.hunter/build/classes/main/
jar:file:/C:/Users/Darryl/Documents/GitHub4/deco2800-2013/deco2800.arcade/build/libs/deco2800.arcade-1.0.jar!/
jar:file:/C:/Users/Darryl/Documents/GitHub4/deco2800-2013/deco2800.arcade.model/build/libs/deco2800.arcade.model-1.0.jar!/
file:/C:/Users/Darryl/Documents/GitHub4/deco2800-2013/deco2800.arcade.raiden/build/classes/main/
jar:file:/C:/Users/Darryl/Documents/GitHub4/deco2800-2013/deco2800.arcade.packman/build/libs/deco2800.arcade.packman-1.0.jar!/
jar:file:/C:/Users/Darryl/Documents/GitHub4/deco2800-2013/deco2800.arcade.utils/build/libs/deco2800.arcade.utils-1.0.jar!/
jar:file:/C:/Users/Darryl/Documents/GitHub4/deco2800-2013/deco2800.arcade.protocol/build/libs/deco2800.arcade.protocol-1.0.jar!/
file:/C:/Users/Darryl/Documents/GitHub4/deco2800-2013/deco2800.arcade.ui/build/classes/main/
file:/C:/Users/Darryl/Documents/GitHub4/deco2800-2013/deco2800.arcade.pong/build/classes/main/
jar:file:/C:/Users/Darryl/Documents/GitHub4/deco2800-2013/deco2800.arcade.platformergame/build/libs/deco2800.arcade.platformergame-1.0.jar!/
file:/C:/Users/Darryl/Documents/GitHub4/deco2800-2013/deco2800.arcade.towerdefence/build/classes/main/
file:/C:/Users/Darryl/Documents/GitHub4/deco2800-2013/deco2800.arcade.pacman/build/classes/main/
file:/C:/Users/Darryl/Documents/GitHub4/deco2800-2013/deco2800.arcade/build/classes/main/
file:/C:/Users/Darryl/Documents/GitHub4/deco2800-2013/deco2800.arcade.burningskies/build/classes/main/
file:/C:/Users/Darryl/Documents/GitHub4/deco2800-2013/deco2800.arcade.chess/build/classes/main/
file:/C:/Users/Darryl/Documents/GitHub4/deco2800-2013/deco2800.arcade.landInvaders/build/classes/main/
file:/C:/Users/Darryl/Documents/GitHub4/deco2800-2013/deco2800.arcade.snakeLadder/build/classes/main/
file:/C:/Users/Darryl/Documents/GitHub4/deco2800-2013/deco2800.arcade.wl6/build/classes/main/
file:/C:/Users/Darryl/Documents/GitHub4/deco2800-2013/deco2800.arcade.connect4/build/classes/main/
file:/C:/Users/Darryl/Documents/GitHub4/deco2800-2013/deco2800.arcade.deerforest/build/classes/main/
INFO main org.reflections.Reflections - Reflections took 366 ms to scan 25 urls, producing 100 keys and 431 values 
DEBUG main org.reflections.Reflections - going to scan these urls:
file:/C:/Users/Darryl/Documents/GitHub4/deco2800-2013/deco2800.arcade.mixmaze/build/classes/main/
file:/C:/Users/Darryl/Documents/GitHub4/deco2800-2013/deco2800.arcade.tictactoe/build/classes/main/
file:/C:/Users/Darryl/Documents/GitHub4/deco2800-2013/deco2800.arcade.checkers/build/classes/main/
file:/C:/Users/Darryl/Documents/GitHub4/deco2800-2013/deco2800.arcade.breakout/build/classes/main/
file:/C:/Users/Darryl/Documents/GitHub4/deco2800-2013/deco2800.arcade.junglejump/build/classes/main/
file:/C:/Users/Darryl/Documents/GitHub4/deco2800-2013/deco2800.arcade.hunter/build/classes/main/
jar:file:/C:/Users/Darryl/Documents/GitHub4/deco2800-2013/deco2800.arcade/build/libs/deco2800.arcade-1.0.jar!/
jar:file:/C:/Users/Darryl/Documents/GitHub4/deco2800-2013/deco2800.arcade.model/build/libs/deco2800.arcade.model-1.0.jar!/
file:/C:/Users/Darryl/Documents/GitHub4/deco2800-2013/deco2800.arcade.raiden/build/classes/main/
jar:file:/C:/Users/Darryl/Documents/GitHub4/deco2800-2013/deco2800.arcade.packman/build/libs/deco2800.arcade.packman-1.0.jar!/
jar:file:/C:/Users/Darryl/Documents/GitHub4/deco2800-2013/deco2800.arcade.utils/build/libs/deco2800.arcade.utils-1.0.jar!/
jar:file:/C:/Users/Darryl/Documents/GitHub4/deco2800-2013/deco2800.arcade.protocol/build/libs/deco2800.arcade.protocol-1.0.jar!/
file:/C:/Users/Darryl/Documents/GitHub4/deco2800-2013/deco2800.arcade.ui/build/classes/main/
file:/C:/Users/Darryl/Documents/GitHub4/deco2800-2013/deco2800.arcade.pong/build/classes/main/
jar:file:/C:/Users/Darryl/Documents/GitHub4/deco2800-2013/deco2800.arcade.platformergame/build/libs/deco2800.arcade.platformergame-1.0.jar!/
file:/C:/Users/Darryl/Documents/GitHub4/deco2800-2013/deco2800.arcade.towerdefence/build/classes/main/
file:/C:/Users/Darryl/Documents/GitHub4/deco2800-2013/deco2800.arcade.pacman/build/classes/main/
file:/C:/Users/Darryl/Documents/GitHub4/deco2800-2013/deco2800.arcade/build/classes/main/
file:/C:/Users/Darryl/Documents/GitHub4/deco2800-2013/deco2800.arcade.burningskies/build/classes/main/
file:/C:/Users/Darryl/Documents/GitHub4/deco2800-2013/deco2800.arcade.chess/build/classes/main/
file:/C:/Users/Darryl/Documents/GitHub4/deco2800-2013/deco2800.arcade.landInvaders/build/classes/main/
file:/C:/Users/Darryl/Documents/GitHub4/deco2800-2013/deco2800.arcade.snakeLadder/build/classes/main/
file:/C:/Users/Darryl/Documents/GitHub4/deco2800-2013/deco2800.arcade.wl6/build/classes/main/
file:/C:/Users/Darryl/Documents/GitHub4/deco2800-2013/deco2800.arcade.connect4/build/classes/main/
file:/C:/Users/Darryl/Documents/GitHub4/deco2800-2013/deco2800.arcade.deerforest/build/classes/main/
INFO main org.reflections.Reflections - Reflections took 226 ms to scan 25 urls, producing 100 keys and 431 values 
DEBUG main org.reflections.Reflections - going to scan these urls:
file:/C:/Users/Darryl/Documents/GitHub4/deco2800-2013/deco2800.arcade.mixmaze/build/classes/main/
file:/C:/Users/Darryl/Documents/GitHub4/deco2800-2013/deco2800.arcade.tictactoe/build/classes/main/
file:/C:/Users/Darryl/Documents/GitHub4/deco2800-2013/deco2800.arcade.checkers/build/classes/main/
file:/C:/Users/Darryl/Documents/GitHub4/deco2800-2013/deco2800.arcade.breakout/build/classes/main/
file:/C:/Users/Darryl/Documents/GitHub4/deco2800-2013/deco2800.arcade.junglejump/build/classes/main/
file:/C:/Users/Darryl/Documents/GitHub4/deco2800-2013/deco2800.arcade.hunter/build/classes/main/
jar:file:/C:/Users/Darryl/Documents/GitHub4/deco2800-2013/deco2800.arcade/build/libs/deco2800.arcade-1.0.jar!/
jar:file:/C:/Users/Darryl/Documents/GitHub4/deco2800-2013/deco2800.arcade.model/build/libs/deco2800.arcade.model-1.0.jar!/
file:/C:/Users/Darryl/Documents/GitHub4/deco2800-2013/deco2800.arcade.raiden/build/classes/main/
jar:file:/C:/Users/Darryl/Documents/GitHub4/deco2800-2013/deco2800.arcade.packman/build/libs/deco2800.arcade.packman-1.0.jar!/
jar:file:/C:/Users/Darryl/Documents/GitHub4/deco2800-2013/deco2800.arcade.utils/build/libs/deco2800.arcade.utils-1.0.jar!/
jar:file:/C:/Users/Darryl/Documents/GitHub4/deco2800-2013/deco2800.arcade.protocol/build/libs/deco2800.arcade.protocol-1.0.jar!/
file:/C:/Users/Darryl/Documents/GitHub4/deco2800-2013/deco2800.arcade.ui/build/classes/main/
file:/C:/Users/Darryl/Documents/GitHub4/deco2800-2013/deco2800.arcade.pong/build/classes/main/
jar:file:/C:/Users/Darryl/Documents/GitHub4/deco2800-2013/deco2800.arcade.platformergame/build/libs/deco2800.arcade.platformergame-1.0.jar!/
file:/C:/Users/Darryl/Documents/GitHub4/deco2800-2013/deco2800.arcade.towerdefence/build/classes/main/
file:/C:/Users/Darryl/Documents/GitHub4/deco2800-2013/deco2800.arcade.pacman/build/classes/main/
file:/C:/Users/Darryl/Documents/GitHub4/deco2800-2013/deco2800.arcade/build/classes/main/
file:/C:/Users/Darryl/Documents/GitHub4/deco2800-2013/deco2800.arcade.burningskies/build/classes/main/
file:/C:/Users/Darryl/Documents/GitHub4/deco2800-2013/deco2800.arcade.chess/build/classes/main/
file:/C:/Users/Darryl/Documents/GitHub4/deco2800-2013/deco2800.arcade.landInvaders/build/classes/main/
file:/C:/Users/Darryl/Documents/GitHub4/deco2800-2013/deco2800.arcade.snakeLadder/build/classes/main/
file:/C:/Users/Darryl/Documents/GitHub4/deco2800-2013/deco2800.arcade.wl6/build/classes/main/
file:/C:/Users/Darryl/Documents/GitHub4/deco2800-2013/deco2800.arcade.connect4/build/classes/main/
file:/C:/Users/Darryl/Documents/GitHub4/deco2800-2013/deco2800.arcade.deerforest/build/classes/main/
INFO main org.reflections.Reflections - Reflections took 2718 ms to scan 25 urls, producing 100 keys and 431 values 
DEBUG main org.reflections.Reflections - going to scan these urls:
file:/C:/Users/Darryl/Documents/GitHub4/deco2800-2013/deco2800.arcade.mixmaze/build/classes/main/
file:/C:/Users/Darryl/Documents/GitHub4/deco2800-2013/deco2800.arcade.tictactoe/build/classes/main/
file:/C:/Users/Darryl/Documents/GitHub4/deco2800-2013/deco2800.arcade.checkers/build/classes/main/
file:/C:/Users/Darryl/Documents/GitHub4/deco2800-2013/deco2800.arcade.breakout/build/classes/main/
file:/C:/Users/Darryl/Documents/GitHub4/deco2800-2013/deco2800.arcade.junglejump/build/classes/main/
file:/C:/Users/Darryl/Documents/GitHub4/deco2800-2013/deco2800.arcade.hunter/build/classes/main/
jar:file:/C:/Users/Darryl/Documents/GitHub4/deco2800-2013/deco2800.arcade/build/libs/deco2800.arcade-1.0.jar!/
jar:file:/C:/Users/Darryl/Documents/GitHub4/deco2800-2013/deco2800.arcade.model/build/libs/deco2800.arcade.model-1.0.jar!/
file:/C:/Users/Darryl/Documents/GitHub4/deco2800-2013/deco2800.arcade.raiden/build/classes/main/
jar:file:/C:/Users/Darryl/Documents/GitHub4/deco2800-2013/deco2800.arcade.packman/build/libs/deco2800.arcade.packman-1.0.jar!/
jar:file:/C:/Users/Darryl/Documents/GitHub4/deco2800-2013/deco2800.arcade.utils/build/libs/deco2800.arcade.utils-1.0.jar!/
jar:file:/C:/Users/Darryl/Documents/GitHub4/deco2800-2013/deco2800.arcade.protocol/build/libs/deco2800.arcade.protocol-1.0.jar!/
file:/C:/Users/Darryl/Documents/GitHub4/deco2800-2013/deco2800.arcade.ui/build/classes/main/
file:/C:/Users/Darryl/Documents/GitHub4/deco2800-2013/deco2800.arcade.pong/build/classes/main/
jar:file:/C:/Users/Darryl/Documents/GitHub4/deco2800-2013/deco2800.arcade.platformergame/build/libs/deco2800.arcade.platformergame-1.0.jar!/
file:/C:/Users/Darryl/Documents/GitHub4/deco2800-2013/deco2800.arcade.towerdefence/build/classes/main/
file:/C:/Users/Darryl/Documents/GitHub4/deco2800-2013/deco2800.arcade.pacman/build/classes/main/
file:/C:/Users/Darryl/Documents/GitHub4/deco2800-2013/deco2800.arcade/build/classes/main/
file:/C:/Users/Darryl/Documents/GitHub4/deco2800-2013/deco2800.arcade.burningskies/build/classes/main/
file:/C:/Users/Darryl/Documents/GitHub4/deco2800-2013/deco2800.arcade.chess/build/classes/main/
file:/C:/Users/Darryl/Documents/GitHub4/deco2800-2013/deco2800.arcade.landInvaders/build/classes/main/
file:/C:/Users/Darryl/Documents/GitHub4/deco2800-2013/deco2800.arcade.snakeLadder/build/classes/main/
file:/C:/Users/Darryl/Documents/GitHub4/deco2800-2013/deco2800.arcade.wl6/build/classes/main/
file:/C:/Users/Darryl/Documents/GitHub4/deco2800-2013/deco2800.arcade.connect4/build/classes/main/
file:/C:/Users/Darryl/Documents/GitHub4/deco2800-2013/deco2800.arcade.deerforest/build/classes/main/
INFO main org.reflections.Reflections - Reflections took 254 ms to scan 25 urls, producing 100 keys and 431 values 
DEBUG main org.reflections.Reflections - going to scan these urls:
file:/C:/Users/Darryl/Documents/GitHub4/deco2800-2013/deco2800.arcade.mixmaze/build/classes/main/
file:/C:/Users/Darryl/Documents/GitHub4/deco2800-2013/deco2800.arcade.tictactoe/build/classes/main/
file:/C:/Users/Darryl/Documents/GitHub4/deco2800-2013/deco2800.arcade.checkers/build/classes/main/
file:/C:/Users/Darryl/Documents/GitHub4/deco2800-2013/deco2800.arcade.breakout/build/classes/main/
file:/C:/Users/Darryl/Documents/GitHub4/deco2800-2013/deco2800.arcade.junglejump/build/classes/main/
file:/C:/Users/Darryl/Documents/GitHub4/deco2800-2013/deco2800.arcade.hunter/build/classes/main/
jar:file:/C:/Users/Darryl/Documents/GitHub4/deco2800-2013/deco2800.arcade/build/libs/deco2800.arcade-1.0.jar!/
jar:file:/C:/Users/Darryl/Documents/GitHub4/deco2800-2013/deco2800.arcade.model/build/libs/deco2800.arcade.model-1.0.jar!/
file:/C:/Users/Darryl/Documents/GitHub4/deco2800-2013/deco2800.arcade.raiden/build/classes/main/
jar:file:/C:/Users/Darryl/Documents/GitHub4/deco2800-2013/deco2800.arcade.packman/build/libs/deco2800.arcade.packman-1.0.jar!/
jar:file:/C:/Users/Darryl/Documents/GitHub4/deco2800-2013/deco2800.arcade.utils/build/libs/deco2800.arcade.utils-1.0.jar!/
jar:file:/C:/Users/Darryl/Documents/GitHub4/deco2800-2013/deco2800.arcade.protocol/build/libs/deco2800.arcade.protocol-1.0.jar!/
file:/C:/Users/Darryl/Documents/GitHub4/deco2800-2013/deco2800.arcade.ui/build/classes/main/
file:/C:/Users/Darryl/Documents/GitHub4/deco2800-2013/deco2800.arcade.pong/build/classes/main/
jar:file:/C:/Users/Darryl/Documents/GitHub4/deco2800-2013/deco2800.arcade.platformergame/build/libs/deco2800.arcade.platformergame-1.0.jar!/
file:/C:/Users/Darryl/Documents/GitHub4/deco2800-2013/deco2800.arcade.towerdefence/build/classes/main/
file:/C:/Users/Darryl/Documents/GitHub4/deco2800-2013/deco2800.arcade.pacman/build/classes/main/
file:/C:/Users/Darryl/Documents/GitHub4/deco2800-2013/deco2800.arcade/build/classes/main/
file:/C:/Users/Darryl/Documents/GitHub4/deco2800-2013/deco2800.arcade.burningskies/build/classes/main/
file:/C:/Users/Darryl/Documents/GitHub4/deco2800-2013/deco2800.arcade.chess/build/classes/main/
file:/C:/Users/Darryl/Documents/GitHub4/deco2800-2013/deco2800.arcade.landInvaders/build/classes/main/
file:/C:/Users/Darryl/Documents/GitHub4/deco2800-2013/deco2800.arcade.snakeLadder/build/classes/main/
file:/C:/Users/Darryl/Documents/GitHub4/deco2800-2013/deco2800.arcade.wl6/build/classes/main/
file:/C:/Users/Darryl/Documents/GitHub4/deco2800-2013/deco2800.arcade.connect4/build/classes/main/
file:/C:/Users/Darryl/Documents/GitHub4/deco2800-2013/deco2800.arcade.deerforest/build/classes/main/
INFO main org.reflections.Reflections - Reflections took 235 ms to scan 25 urls, producing 100 keys and 431 values 
DEBUG main org.reflections.Reflections - going to scan these urls:
file:/C:/Users/Darryl/Documents/GitHub4/deco2800-2013/deco2800.arcade.mixmaze/build/classes/main/
file:/C:/Users/Darryl/Documents/GitHub4/deco2800-2013/deco2800.arcade.tictactoe/build/classes/main/
file:/C:/Users/Darryl/Documents/GitHub4/deco2800-2013/deco2800.arcade.checkers/build/classes/main/
file:/C:/Users/Darryl/Documents/GitHub4/deco2800-2013/deco2800.arcade.breakout/build/classes/main/
file:/C:/Users/Darryl/Documents/GitHub4/deco2800-2013/deco2800.arcade.junglejump/build/classes/main/
file:/C:/Users/Darryl/Documents/GitHub4/deco2800-2013/deco2800.arcade.hunter/build/classes/main/
jar:file:/C:/Users/Darryl/Documents/GitHub4/deco2800-2013/deco2800.arcade/build/libs/deco2800.arcade-1.0.jar!/
jar:file:/C:/Users/Darryl/Documents/GitHub4/deco2800-2013/deco2800.arcade.model/build/libs/deco2800.arcade.model-1.0.jar!/
file:/C:/Users/Darryl/Documents/GitHub4/deco2800-2013/deco2800.arcade.raiden/build/classes/main/
jar:file:/C:/Users/Darryl/Documents/GitHub4/deco2800-2013/deco2800.arcade.packman/build/libs/deco2800.arcade.packman-1.0.jar!/
jar:file:/C:/Users/Darryl/Documents/GitHub4/deco2800-2013/deco2800.arcade.utils/build/libs/deco2800.arcade.utils-1.0.jar!/
jar:file:/C:/Users/Darryl/Documents/GitHub4/deco2800-2013/deco2800.arcade.protocol/build/libs/deco2800.arcade.protocol-1.0.jar!/
file:/C:/Users/Darryl/Documents/GitHub4/deco2800-2013/deco2800.arcade.ui/build/classes/main/
file:/C:/Users/Darryl/Documents/GitHub4/deco2800-2013/deco2800.arcade.pong/build/classes/main/
jar:file:/C:/Users/Darryl/Documents/GitHub4/deco2800-2013/deco2800.arcade.platformergame/build/libs/deco2800.arcade.platformergame-1.0.jar!/
file:/C:/Users/Darryl/Documents/GitHub4/deco2800-2013/deco2800.arcade.towerdefence/build/classes/main/
file:/C:/Users/Darryl/Documents/GitHub4/deco2800-2013/deco2800.arcade.pacman/build/classes/main/
file:/C:/Users/Darryl/Documents/GitHub4/deco2800-2013/deco2800.arcade/build/classes/main/
file:/C:/Users/Darryl/Documents/GitHub4/deco2800-2013/deco2800.arcade.burningskies/build/classes/main/
file:/C:/Users/Darryl/Documents/GitHub4/deco2800-2013/deco2800.arcade.chess/build/classes/main/
file:/C:/Users/Darryl/Documents/GitHub4/deco2800-2013/deco2800.arcade.landInvaders/build/classes/main/
file:/C:/Users/Darryl/Documents/GitHub4/deco2800-2013/deco2800.arcade.snakeLadder/build/classes/main/
file:/C:/Users/Darryl/Documents/GitHub4/deco2800-2013/deco2800.arcade.wl6/build/classes/main/
file:/C:/Users/Darryl/Documents/GitHub4/deco2800-2013/deco2800.arcade.connect4/build/classes/main/
file:/C:/Users/Darryl/Documents/GitHub4/deco2800-2013/deco2800.arcade.deerforest/build/classes/main/
INFO main org.reflections.Reflections - Reflections took 8490 ms to scan 25 urls, producing 100 keys and 431 values 
DEBUG main org.reflections.Reflections - going to scan these urls:
file:/C:/Users/Darryl/Documents/GitHub4/deco2800-2013/deco2800.arcade.mixmaze/build/classes/main/
file:/C:/Users/Darryl/Documents/GitHub4/deco2800-2013/deco2800.arcade.tictactoe/build/classes/main/
file:/C:/Users/Darryl/Documents/GitHub4/deco2800-2013/deco2800.arcade.checkers/build/classes/main/
file:/C:/Users/Darryl/Documents/GitHub4/deco2800-2013/deco2800.arcade.breakout/build/classes/main/
file:/C:/Users/Darryl/Documents/GitHub4/deco2800-2013/deco2800.arcade.junglejump/build/classes/main/
file:/C:/Users/Darryl/Documents/GitHub4/deco2800-2013/deco2800.arcade.hunter/build/classes/main/
jar:file:/C:/Users/Darryl/Documents/GitHub4/deco2800-2013/deco2800.arcade/build/libs/deco2800.arcade-1.0.jar!/
jar:file:/C:/Users/Darryl/Documents/GitHub4/deco2800-2013/deco2800.arcade.model/build/libs/deco2800.arcade.model-1.0.jar!/
file:/C:/Users/Darryl/Documents/GitHub4/deco2800-2013/deco2800.arcade.raiden/build/classes/main/
jar:file:/C:/Users/Darryl/Documents/GitHub4/deco2800-2013/deco2800.arcade.packman/build/libs/deco2800.arcade.packman-1.0.jar!/
jar:file:/C:/Users/Darryl/Documents/GitHub4/deco2800-2013/deco2800.arcade.utils/build/libs/deco2800.arcade.utils-1.0.jar!/
jar:file:/C:/Users/Darryl/Documents/GitHub4/deco2800-2013/deco2800.arcade.protocol/build/libs/deco2800.arcade.protocol-1.0.jar!/
file:/C:/Users/Darryl/Documents/GitHub4/deco2800-2013/deco2800.arcade.ui/build/classes/main/
file:/C:/Users/Darryl/Documents/GitHub4/deco2800-2013/deco2800.arcade.pong/build/classes/main/
jar:file:/C:/Users/Darryl/Documents/GitHub4/deco2800-2013/deco2800.arcade.platformergame/build/libs/deco2800.arcade.platformergame-1.0.jar!/
file:/C:/Users/Darryl/Documents/GitHub4/deco2800-2013/deco2800.arcade.towerdefence/build/classes/main/
file:/C:/Users/Darryl/Documents/GitHub4/deco2800-2013/deco2800.arcade.pacman/build/classes/main/
file:/C:/Users/Darryl/Documents/GitHub4/deco2800-2013/deco2800.arcade/build/classes/main/
file:/C:/Users/Darryl/Documents/GitHub4/deco2800-2013/deco2800.arcade.burningskies/build/classes/main/
file:/C:/Users/Darryl/Documents/GitHub4/deco2800-2013/deco2800.arcade.chess/build/classes/main/
file:/C:/Users/Darryl/Documents/GitHub4/deco2800-2013/deco2800.arcade.landInvaders/build/classes/main/
file:/C:/Users/Darryl/Documents/GitHub4/deco2800-2013/deco2800.arcade.snakeLadder/build/classes/main/
file:/C:/Users/Darryl/Documents/GitHub4/deco2800-2013/deco2800.arcade.wl6/build/classes/main/
file:/C:/Users/Darryl/Documents/GitHub4/deco2800-2013/deco2800.arcade.connect4/build/classes/main/
file:/C:/Users/Darryl/Documents/GitHub4/deco2800-2013/deco2800.arcade.deerforest/build/classes/main/
INFO main org.reflections.Reflections - Reflections took 298 ms to scan 25 urls, producing 100 keys and 431 values 
